<?xml version="1.0" encoding="utf-8" standalone="no"?>
<!--This file represents the results of running a test suite-->
<test-results name="" total="37" errors="29" failures="0" not-run="0" inconclusive="0" ignored="0" skipped="0" invalid="0" date="2015-05-23" time="15:57:28">
  <environment nunit-version="1.0.0.0" clr-version="4.0.30319.0" os-version="Microsoft Windows NT 6.3.9600.0" platform="Win32NT" cwd="D:\Development\SonarQube\VssonarExtension\VSSonarQubeExtension" machine-name="JOCS6" user="jocs" user-domain="TEKLAAD" />
  <culture-info current-culture="fi-FI" current-uiculture="en-US" />
  <test-suite type="Assembly" name="SonarRestService.Test.dll" executed="True" result="Failure" success="False" time="0,510" asserts="8">
    <properties>
      <property name="_PID" value="9404" />
      <property name="_APPDOMAIN" value="test-domain-" />
    </properties>
    <failure>
      <message><![CDATA[One or more child tests had errors]]></message>
      <stack-trace />
    </failure>
    <results>
      <test-suite type="TestSuite" name="SonarRestService" executed="True" result="Failure" success="False" time="0,496" asserts="8">
        <failure>
          <message><![CDATA[One or more child tests had errors]]></message>
          <stack-trace />
        </failure>
        <results>
          <test-suite type="TestSuite" name="Test" executed="True" result="Failure" success="False" time="0,495" asserts="8">
            <failure>
              <message><![CDATA[One or more child tests had errors]]></message>
              <stack-trace />
            </failure>
            <results>
              <test-suite type="TestFixture" name="AdministrationTests" executed="True" result="Failure" success="False" time="0,421" asserts="8">
                <failure>
                  <message><![CDATA[One or more child tests had errors]]></message>
                  <stack-trace />
                </failure>
                <results>
                  <test-case name="Get Properties" executed="True" result="Success" success="False" time="0,165" asserts="0">
                    <failure>
                      <message><![CDATA[System.IO.DirectoryNotFoundException : Could not find a part of the path 'D:\Development\SonarQube\VssonarExtension\VSSonarQubeExtension\testdata\PropertiesResponse.txt'.]]></message>
                      <stack-trace><![CDATA[   at System.IO.__Error.WinIOError(Int32 errorCode, String maybeFullPath)
   at System.IO.FileStream.Init(String path, FileMode mode, FileAccess access, Int32 rights, Boolean useRights, FileShare share, Int32 bufferSize, FileOptions options, SECURITY_ATTRIBUTES secAttrs, String msgPath, Boolean bFromProxy, Boolean useLongPath, Boolean checkHost)
   at System.IO.FileStream..ctor(String path, FileMode mode, FileAccess access, FileShare share, Int32 bufferSize, FileOptions options, String msgPath, Boolean bFromProxy, Boolean useLongPath, Boolean checkHost)
   at System.IO.StreamReader..ctor(String path, Encoding encoding, Boolean detectEncodingFromByteOrderMarks, Int32 bufferSize, Boolean checkHost)
   at System.IO.File.InternalReadAllText(String path, Encoding encoding, Boolean checkHost)
   at System.IO.File.ReadAllText(String path)
   at SonarRestService.Test.AdministrationTests.Get Properties() in D:\Development\SonarQube\VssonarExtension\VSSonarQubeExtension\SonarRestService.Test\AdministrationTests.fs:line 151]]></stack-trace>
                    </failure>
                  </test-case>
                  <test-case name="Should Authenticate User" executed="True" result="Success" success="True" time="0,177" asserts="1" />
                  <test-case name="Should Fail authentication When Sonar less than 3.3 so skip authetication" executed="True" result="Success" success="False" time="0,002" asserts="0">
                    <failure>
                      <message><![CDATA[System.IO.DirectoryNotFoundException : Could not find a part of the path 'D:\Development\SonarQube\VssonarExtension\VSSonarQubeExtension\testdata\NonExistentPage.xml'.]]></message>
                      <stack-trace><![CDATA[   at System.IO.__Error.WinIOError(Int32 errorCode, String maybeFullPath)
   at System.IO.FileStream.Init(String path, FileMode mode, FileAccess access, Int32 rights, Boolean useRights, FileShare share, Int32 bufferSize, FileOptions options, SECURITY_ATTRIBUTES secAttrs, String msgPath, Boolean bFromProxy, Boolean useLongPath, Boolean checkHost)
   at System.IO.FileStream..ctor(String path, FileMode mode, FileAccess access, FileShare share, Int32 bufferSize, FileOptions options, String msgPath, Boolean bFromProxy, Boolean useLongPath, Boolean checkHost)
   at System.IO.StreamReader..ctor(String path, Encoding encoding, Boolean detectEncodingFromByteOrderMarks, Int32 bufferSize, Boolean checkHost)
   at System.IO.File.InternalReadAllText(String path, Encoding encoding, Boolean checkHost)
   at System.IO.File.ReadAllText(String path)
   at SonarRestService.Test.AdministrationTests.Should Fail authentication When Sonar less than 3.3 so skip authetication() in D:\Development\SonarQube\VssonarExtension\VSSonarQubeExtension\SonarRestService.Test\AdministrationTests.fs:line 68]]></stack-trace>
                    </failure>
                  </test-case>
                  <test-case name="Should Get Correct server version with 3,6" executed="True" result="Success" success="True" time="0,024" asserts="1" />
                  <test-case name="Should Get Correct server version with 3,6-SNAPSHOT" executed="True" result="Success" success="True" time="0,006" asserts="1" />
                  <test-case name="Should Get Correct server version with 3.6" executed="True" result="Success" success="True" time="0,003" asserts="1" />
                  <test-case name="Should Get Correct server version with 3.6.1" executed="True" result="Success" success="True" time="0,004" asserts="1" />
                  <test-case name="Should Get Correct server version with 3.6.1-SNAPSHOT" executed="True" result="Success" success="True" time="0,005" asserts="1" />
                  <test-case name="Should Get Correct server version with 3.6-SNAPSHOT" executed="True" result="Success" success="True" time="0,005" asserts="1" />
                  <test-case name="Should Get Users" executed="True" result="Success" success="False" time="0,002" asserts="0">
                    <failure>
                      <message><![CDATA[System.IO.DirectoryNotFoundException : Could not find a part of the path 'D:\Development\SonarQube\VssonarExtension\VSSonarQubeExtension\testdata\userList.txt'.]]></message>
                      <stack-trace><![CDATA[   at System.IO.__Error.WinIOError(Int32 errorCode, String maybeFullPath)
   at System.IO.FileStream.Init(String path, FileMode mode, FileAccess access, Int32 rights, Boolean useRights, FileShare share, Int32 bufferSize, FileOptions options, SECURITY_ATTRIBUTES secAttrs, String msgPath, Boolean bFromProxy, Boolean useLongPath, Boolean checkHost)
   at System.IO.FileStream..ctor(String path, FileMode mode, FileAccess access, FileShare share, Int32 bufferSize, FileOptions options, String msgPath, Boolean bFromProxy, Boolean useLongPath, Boolean checkHost)
   at System.IO.StreamReader..ctor(String path, Encoding encoding, Boolean detectEncodingFromByteOrderMarks, Int32 bufferSize, Boolean checkHost)
   at System.IO.File.InternalReadAllText(String path, Encoding encoding, Boolean checkHost)
   at System.IO.File.ReadAllText(String path)
   at SonarRestService.Test.AdministrationTests.Should Get Users() in D:\Development\SonarQube\VssonarExtension\VSSonarQubeExtension\SonarRestService.Test\AdministrationTests.fs:line 17]]></stack-trace>
                    </failure>
                  </test-case>
                  <test-case name="Should Not Authenticate User" executed="True" result="Success" success="True" time="0,004" asserts="1" />
                  <test-case name="Should Not Get Users for Server Less than 3.6" executed="True" result="Success" success="False" time="0,005" asserts="0">
                    <failure>
                      <message><![CDATA[System.IO.DirectoryNotFoundException : Could not find a part of the path 'D:\Development\SonarQube\VssonarExtension\VSSonarQubeExtension\testdata\NonExistentPage.xml'.]]></message>
                      <stack-trace><![CDATA[   at System.IO.__Error.WinIOError(Int32 errorCode, String maybeFullPath)
   at System.IO.FileStream.Init(String path, FileMode mode, FileAccess access, Int32 rights, Boolean useRights, FileShare share, Int32 bufferSize, FileOptions options, SECURITY_ATTRIBUTES secAttrs, String msgPath, Boolean bFromProxy, Boolean useLongPath, Boolean checkHost)
   at System.IO.FileStream..ctor(String path, FileMode mode, FileAccess access, FileShare share, Int32 bufferSize, FileOptions options, String msgPath, Boolean bFromProxy, Boolean useLongPath, Boolean checkHost)
   at System.IO.StreamReader..ctor(String path, Encoding encoding, Boolean detectEncodingFromByteOrderMarks, Int32 bufferSize, Boolean checkHost)
   at System.IO.File.InternalReadAllText(String path, Encoding encoding, Boolean checkHost)
   at System.IO.File.ReadAllText(String path)
   at SonarRestService.Test.AdministrationTests.Should Not Get Users for Server Less than 3.6() in D:\Development\SonarQube\VssonarExtension\VSSonarQubeExtension\SonarRestService.Test\AdministrationTests.fs:line 30]]></stack-trace>
                    </failure>
                  </test-case>
                </results>
              </test-suite>
              <test-suite type="TestFixture" name="IssuesTests" executed="True" result="Failure" success="False" time="0,031" asserts="0">
                <failure>
                  <message><![CDATA[One or more child tests had errors]]></message>
                  <stack-trace />
                </failure>
                <results>
                  <test-case name="Should Get All Issues by user" executed="True" result="Success" success="False" time="0,005" asserts="0">
                    <failure>
                      <message><![CDATA[System.IO.DirectoryNotFoundException : Could not find a part of the path 'D:\Development\SonarQube\VssonarExtension\VSSonarQubeExtension\testdata\issuesByUser.txt'.]]></message>
                      <stack-trace><![CDATA[   at System.IO.__Error.WinIOError(Int32 errorCode, String maybeFullPath)
   at System.IO.FileStream.Init(String path, FileMode mode, FileAccess access, Int32 rights, Boolean useRights, FileShare share, Int32 bufferSize, FileOptions options, SECURITY_ATTRIBUTES secAttrs, String msgPath, Boolean bFromProxy, Boolean useLongPath, Boolean checkHost)
   at System.IO.FileStream..ctor(String path, FileMode mode, FileAccess access, FileShare share, Int32 bufferSize, FileOptions options, String msgPath, Boolean bFromProxy, Boolean useLongPath, Boolean checkHost)
   at System.IO.StreamReader..ctor(String path, Encoding encoding, Boolean detectEncodingFromByteOrderMarks, Int32 bufferSize, Boolean checkHost)
   at System.IO.File.InternalReadAllText(String path, Encoding encoding, Boolean checkHost)
   at System.IO.File.ReadAllText(String path)
   at SonarRestService.Test.IssuesTests.Should Get All Issues by user() in D:\Development\SonarQube\VssonarExtension\VSSonarQubeExtension\SonarRestService.Test\IssuesTests.fs:line 70]]></stack-trace>
                    </failure>
                  </test-case>
                  <test-case name="Should Get All Issues by user using old format" executed="True" result="Success" success="False" time="0,004" asserts="0">
                    <failure>
                      <message><![CDATA[System.IO.DirectoryNotFoundException : Could not find a part of the path 'D:\Development\SonarQube\VssonarExtension\VSSonarQubeExtension\testdata\reviewByUser.txt'.]]></message>
                      <stack-trace><![CDATA[   at System.IO.__Error.WinIOError(Int32 errorCode, String maybeFullPath)
   at System.IO.FileStream.Init(String path, FileMode mode, FileAccess access, Int32 rights, Boolean useRights, FileShare share, Int32 bufferSize, FileOptions options, SECURITY_ATTRIBUTES secAttrs, String msgPath, Boolean bFromProxy, Boolean useLongPath, Boolean checkHost)
   at System.IO.FileStream..ctor(String path, FileMode mode, FileAccess access, FileShare share, Int32 bufferSize, FileOptions options, String msgPath, Boolean bFromProxy, Boolean useLongPath, Boolean checkHost)
   at System.IO.StreamReader..ctor(String path, Encoding encoding, Boolean detectEncodingFromByteOrderMarks, Int32 bufferSize, Boolean checkHost)
   at System.IO.File.InternalReadAllText(String path, Encoding encoding, Boolean checkHost)
   at System.IO.File.ReadAllText(String path)
   at SonarRestService.Test.IssuesTests.Should Get All Issues by user using old format() in D:\Development\SonarQube\VssonarExtension\VSSonarQubeExtension\SonarRestService.Test\IssuesTests.fs:line 83]]></stack-trace>
                    </failure>
                  </test-case>
                  <test-case name="Should Get All Issues In Project" executed="True" result="Success" success="False" time="0,002" asserts="0">
                    <failure>
                      <message><![CDATA[System.IO.DirectoryNotFoundException : Could not find a part of the path 'D:\Development\SonarQube\VssonarExtension\VSSonarQubeExtension\testdata\issuessearchbycomponent.txt'.]]></message>
                      <stack-trace><![CDATA[   at System.IO.__Error.WinIOError(Int32 errorCode, String maybeFullPath)
   at System.IO.FileStream.Init(String path, FileMode mode, FileAccess access, Int32 rights, Boolean useRights, FileShare share, Int32 bufferSize, FileOptions options, SECURITY_ATTRIBUTES secAttrs, String msgPath, Boolean bFromProxy, Boolean useLongPath, Boolean checkHost)
   at System.IO.FileStream..ctor(String path, FileMode mode, FileAccess access, FileShare share, Int32 bufferSize, FileOptions options, String msgPath, Boolean bFromProxy, Boolean useLongPath, Boolean checkHost)
   at System.IO.StreamReader..ctor(String path, Encoding encoding, Boolean detectEncodingFromByteOrderMarks, Int32 bufferSize, Boolean checkHost)
   at System.IO.File.InternalReadAllText(String path, Encoding encoding, Boolean checkHost)
   at System.IO.File.ReadAllText(String path)
   at SonarRestService.Test.IssuesTests.Should Get All Issues In Project() in D:\Development\SonarQube\VssonarExtension\VSSonarQubeExtension\SonarRestService.Test\IssuesTests.fs:line 97]]></stack-trace>
                    </failure>
                  </test-case>
                  <test-case name="Should Get All Issues In Project using old format" executed="True" result="Success" success="False" time="0,002" asserts="0">
                    <failure>
                      <message><![CDATA[System.IO.DirectoryNotFoundException : Could not find a part of the path 'D:\Development\SonarQube\VssonarExtension\VSSonarQubeExtension\testdata\reviewByUser.txt'.]]></message>
                      <stack-trace><![CDATA[   at System.IO.__Error.WinIOError(Int32 errorCode, String maybeFullPath)
   at System.IO.FileStream.Init(String path, FileMode mode, FileAccess access, Int32 rights, Boolean useRights, FileShare share, Int32 bufferSize, FileOptions options, SECURITY_ATTRIBUTES secAttrs, String msgPath, Boolean bFromProxy, Boolean useLongPath, Boolean checkHost)
   at System.IO.FileStream..ctor(String path, FileMode mode, FileAccess access, FileShare share, Int32 bufferSize, FileOptions options, String msgPath, Boolean bFromProxy, Boolean useLongPath, Boolean checkHost)
   at System.IO.StreamReader..ctor(String path, Encoding encoding, Boolean detectEncodingFromByteOrderMarks, Int32 bufferSize, Boolean checkHost)
   at System.IO.File.InternalReadAllText(String path, Encoding encoding, Boolean checkHost)
   at System.IO.File.ReadAllText(String path)
   at SonarRestService.Test.IssuesTests.Should Get All Issues In Project using old format() in D:\Development\SonarQube\VssonarExtension\VSSonarQubeExtension\SonarRestService.Test\IssuesTests.fs:line 110]]></stack-trace>
                    </failure>
                  </test-case>
                  <test-case name="Should Get All Violations As Issues In Project using old format" executed="True" result="Success" success="False" time="0,002" asserts="0">
                    <failure>
                      <message><![CDATA[System.IO.DirectoryNotFoundException : Could not find a part of the path 'D:\Development\SonarQube\VssonarExtension\VSSonarQubeExtension\testdata\vilationsReply.txt'.]]></message>
                      <stack-trace><![CDATA[   at System.IO.__Error.WinIOError(Int32 errorCode, String maybeFullPath)
   at System.IO.FileStream.Init(String path, FileMode mode, FileAccess access, Int32 rights, Boolean useRights, FileShare share, Int32 bufferSize, FileOptions options, SECURITY_ATTRIBUTES secAttrs, String msgPath, Boolean bFromProxy, Boolean useLongPath, Boolean checkHost)
   at System.IO.FileStream..ctor(String path, FileMode mode, FileAccess access, FileShare share, Int32 bufferSize, FileOptions options, String msgPath, Boolean bFromProxy, Boolean useLongPath, Boolean checkHost)
   at System.IO.StreamReader..ctor(String path, Encoding encoding, Boolean detectEncodingFromByteOrderMarks, Int32 bufferSize, Boolean checkHost)
   at System.IO.File.InternalReadAllText(String path, Encoding encoding, Boolean checkHost)
   at System.IO.File.ReadAllText(String path)
   at SonarRestService.Test.IssuesTests.Should Get All Violations As Issues In Project using old format() in D:\Development\SonarQube\VssonarExtension\VSSonarQubeExtension\SonarRestService.Test\IssuesTests.fs:line 125]]></stack-trace>
                    </failure>
                  </test-case>
                  <test-case name="Should Get Corret Number of Issues In Component" executed="True" result="Success" success="False" time="0,002" asserts="0">
                    <failure>
                      <message><![CDATA[System.IO.DirectoryNotFoundException : Could not find a part of the path 'D:\Development\SonarQube\VssonarExtension\VSSonarQubeExtension\testdata\issuessearchbycomponent.txt'.]]></message>
                      <stack-trace><![CDATA[   at System.IO.__Error.WinIOError(Int32 errorCode, String maybeFullPath)
   at System.IO.FileStream.Init(String path, FileMode mode, FileAccess access, Int32 rights, Boolean useRights, FileShare share, Int32 bufferSize, FileOptions options, SECURITY_ATTRIBUTES secAttrs, String msgPath, Boolean bFromProxy, Boolean useLongPath, Boolean checkHost)
   at System.IO.FileStream..ctor(String path, FileMode mode, FileAccess access, FileShare share, Int32 bufferSize, FileOptions options, String msgPath, Boolean bFromProxy, Boolean useLongPath, Boolean checkHost)
   at System.IO.StreamReader..ctor(String path, Encoding encoding, Boolean detectEncodingFromByteOrderMarks, Int32 bufferSize, Boolean checkHost)
   at System.IO.File.InternalReadAllText(String path, Encoding encoding, Boolean checkHost)
   at System.IO.File.ReadAllText(String path)
   at SonarRestService.Test.IssuesTests.Should Get Corret Number of Issues In Component() in D:\Development\SonarQube\VssonarExtension\VSSonarQubeExtension\SonarRestService.Test\IssuesTests.fs:line 17]]></stack-trace>
                    </failure>
                  </test-case>
                  <test-case name="Should Get Corret Number of Issues In Component Using the old Format" executed="True" result="Success" success="False" time="0,002" asserts="0">
                    <failure>
                      <message><![CDATA[System.IO.DirectoryNotFoundException : Could not find a part of the path 'D:\Development\SonarQube\VssonarExtension\VSSonarQubeExtension\testdata\vilationsReply.txt'.]]></message>
                      <stack-trace><![CDATA[   at System.IO.__Error.WinIOError(Int32 errorCode, String maybeFullPath)
   at System.IO.FileStream.Init(String path, FileMode mode, FileAccess access, Int32 rights, Boolean useRights, FileShare share, Int32 bufferSize, FileOptions options, SECURITY_ATTRIBUTES secAttrs, String msgPath, Boolean bFromProxy, Boolean useLongPath, Boolean checkHost)
   at System.IO.FileStream..ctor(String path, FileMode mode, FileAccess access, FileShare share, Int32 bufferSize, FileOptions options, String msgPath, Boolean bFromProxy, Boolean useLongPath, Boolean checkHost)
   at System.IO.StreamReader..ctor(String path, Encoding encoding, Boolean detectEncodingFromByteOrderMarks, Int32 bufferSize, Boolean checkHost)
   at System.IO.File.InternalReadAllText(String path, Encoding encoding, Boolean checkHost)
   at System.IO.File.ReadAllText(String path)
   at SonarRestService.Test.IssuesTests.Should Get Corret Number of Issues In Component Using the old Format() in D:\Development\SonarQube\VssonarExtension\VSSonarQubeExtension\SonarRestService.Test\IssuesTests.fs:line 29]]></stack-trace>
                    </failure>
                  </test-case>
                  <test-case name="Should Get Issues in Project by user" executed="True" result="Success" success="False" time="0,002" asserts="0">
                    <failure>
                      <message><![CDATA[System.IO.DirectoryNotFoundException : Could not find a part of the path 'D:\Development\SonarQube\VssonarExtension\VSSonarQubeExtension\testdata\issuesByUser.txt'.]]></message>
                      <stack-trace><![CDATA[   at System.IO.__Error.WinIOError(Int32 errorCode, String maybeFullPath)
   at System.IO.FileStream.Init(String path, FileMode mode, FileAccess access, Int32 rights, Boolean useRights, FileShare share, Int32 bufferSize, FileOptions options, SECURITY_ATTRIBUTES secAttrs, String msgPath, Boolean bFromProxy, Boolean useLongPath, Boolean checkHost)
   at System.IO.FileStream..ctor(String path, FileMode mode, FileAccess access, FileShare share, Int32 bufferSize, FileOptions options, String msgPath, Boolean bFromProxy, Boolean useLongPath, Boolean checkHost)
   at System.IO.StreamReader..ctor(String path, Encoding encoding, Boolean detectEncodingFromByteOrderMarks, Int32 bufferSize, Boolean checkHost)
   at System.IO.File.InternalReadAllText(String path, Encoding encoding, Boolean checkHost)
   at System.IO.File.ReadAllText(String path)
   at SonarRestService.Test.IssuesTests.Should Get Issues in Project by user() in D:\Development\SonarQube\VssonarExtension\VSSonarQubeExtension\SonarRestService.Test\IssuesTests.fs:line 43]]></stack-trace>
                    </failure>
                  </test-case>
                  <test-case name="Should Get Issues In Project by user using old format" executed="True" result="Success" success="False" time="0,002" asserts="0">
                    <failure>
                      <message><![CDATA[System.IO.DirectoryNotFoundException : Could not find a part of the path 'D:\Development\SonarQube\VssonarExtension\VSSonarQubeExtension\testdata\reviewByUser.txt'.]]></message>
                      <stack-trace><![CDATA[   at System.IO.__Error.WinIOError(Int32 errorCode, String maybeFullPath)
   at System.IO.FileStream.Init(String path, FileMode mode, FileAccess access, Int32 rights, Boolean useRights, FileShare share, Int32 bufferSize, FileOptions options, SECURITY_ATTRIBUTES secAttrs, String msgPath, Boolean bFromProxy, Boolean useLongPath, Boolean checkHost)
   at System.IO.FileStream..ctor(String path, FileMode mode, FileAccess access, FileShare share, Int32 bufferSize, FileOptions options, String msgPath, Boolean bFromProxy, Boolean useLongPath, Boolean checkHost)
   at System.IO.StreamReader..ctor(String path, Encoding encoding, Boolean detectEncodingFromByteOrderMarks, Int32 bufferSize, Boolean checkHost)
   at System.IO.File.InternalReadAllText(String path, Encoding encoding, Boolean checkHost)
   at System.IO.File.ReadAllText(String path)
   at SonarRestService.Test.IssuesTests.Should Get Issues In Project by user using old format() in D:\Development\SonarQube\VssonarExtension\VSSonarQubeExtension\SonarRestService.Test\IssuesTests.fs:line 56]]></stack-trace>
                    </failure>
                  </test-case>
                  <test-case name="Should Parse Dry Run Reports Before 3.7" executed="True" result="Success" success="False" time="0,003" asserts="0">
                    <failure>
                      <message><![CDATA[System.IO.DirectoryNotFoundException : Could not find a part of the path 'D:\Development\SonarQube\VssonarExtension\VSSonarQubeExtension\testdata\dryrunissues.txt'.]]></message>
                      <stack-trace><![CDATA[   at System.IO.__Error.WinIOError(Int32 errorCode, String maybeFullPath)
   at System.IO.FileStream.Init(String path, FileMode mode, FileAccess access, Int32 rights, Boolean useRights, FileShare share, Int32 bufferSize, FileOptions options, SECURITY_ATTRIBUTES secAttrs, String msgPath, Boolean bFromProxy, Boolean useLongPath, Boolean checkHost)
   at System.IO.FileStream..ctor(String path, FileMode mode, FileAccess access, FileShare share, Int32 bufferSize, FileOptions options, String msgPath, Boolean bFromProxy, Boolean useLongPath, Boolean checkHost)
   at System.IO.StreamReader..ctor(String path, Encoding encoding, Boolean detectEncodingFromByteOrderMarks, Int32 bufferSize, Boolean checkHost)
   at System.IO.File.InternalReadAllText(String path, Encoding encoding, Boolean checkHost)
   at System.IO.File.ReadAllText(String path)
   at SonarRestService.Test.IssuesTests.Should Parse Dry Run Reports Before 3.7() in D:\Development\SonarQube\VssonarExtension\VSSonarQubeExtension\SonarRestService.Test\IssuesTests.fs:line 154]]></stack-trace>
                    </failure>
                  </test-case>
                  <test-case name="Should Parse Dry Run Reports Before 4.0" executed="True" result="Success" success="False" time="0,002" asserts="0">
                    <failure>
                      <message><![CDATA[System.IO.DirectoryNotFoundException : Could not find a part of the path 'D:\Development\SonarQube\VssonarExtension\VSSonarQubeExtension\testdata\dryRunReport.txt'.]]></message>
                      <stack-trace><![CDATA[   at System.IO.__Error.WinIOError(Int32 errorCode, String maybeFullPath)
   at System.IO.FileStream.Init(String path, FileMode mode, FileAccess access, Int32 rights, Boolean useRights, FileShare share, Int32 bufferSize, FileOptions options, SECURITY_ATTRIBUTES secAttrs, String msgPath, Boolean bFromProxy, Boolean useLongPath, Boolean checkHost)
   at System.IO.FileStream..ctor(String path, FileMode mode, FileAccess access, FileShare share, Int32 bufferSize, FileOptions options, String msgPath, Boolean bFromProxy, Boolean useLongPath, Boolean checkHost)
   at System.IO.StreamReader..ctor(String path, Encoding encoding, Boolean detectEncodingFromByteOrderMarks, Int32 bufferSize, Boolean checkHost)
   at System.IO.File.InternalReadAllText(String path, Encoding encoding, Boolean checkHost)
   at System.IO.File.ReadAllText(String path)
   at SonarRestService.Test.IssuesTests.Should Parse Dry Run Reports Before 4.0() in D:\Development\SonarQube\VssonarExtension\VSSonarQubeExtension\SonarRestService.Test\IssuesTests.fs:line 140]]></stack-trace>
                    </failure>
                  </test-case>
                  <test-case name="Should Parse issue with sonar 4.2" executed="True" result="Success" success="False" time="0,002" asserts="0">
                    <failure>
                      <message><![CDATA[System.IO.DirectoryNotFoundException : Could not find a part of the path 'D:\Development\SonarQube\VssonarExtension\VSSonarQubeExtension\testdata\incrementalrun.txt'.]]></message>
                      <stack-trace><![CDATA[   at System.IO.__Error.WinIOError(Int32 errorCode, String maybeFullPath)
   at System.IO.FileStream.Init(String path, FileMode mode, FileAccess access, Int32 rights, Boolean useRights, FileShare share, Int32 bufferSize, FileOptions options, SECURITY_ATTRIBUTES secAttrs, String msgPath, Boolean bFromProxy, Boolean useLongPath, Boolean checkHost)
   at System.IO.FileStream..ctor(String path, FileMode mode, FileAccess access, FileShare share, Int32 bufferSize, FileOptions options, String msgPath, Boolean bFromProxy, Boolean useLongPath, Boolean checkHost)
   at System.IO.StreamReader..ctor(String path, Encoding encoding, Boolean detectEncodingFromByteOrderMarks, Int32 bufferSize, Boolean checkHost)
   at System.IO.File.InternalReadAllText(String path, Encoding encoding, Boolean checkHost)
   at System.IO.File.ReadAllText(String path)
   at SonarRestService.Test.IssuesTests.Should Parse issue with sonar 4.2() in D:\Development\SonarQube\VssonarExtension\VSSonarQubeExtension\SonarRestService.Test\IssuesTests.fs:line 167]]></stack-trace>
                    </failure>
                  </test-case>
                </results>
              </test-suite>
              <test-suite type="TestFixture" name="MetricsTests" executed="True" result="Failure" success="False" time="0,002" asserts="0">
                <failure>
                  <message><![CDATA[One or more child tests had errors]]></message>
                  <stack-trace />
                </failure>
                <results>
                  <test-case name="Should Get Corret Duplications From Data" executed="True" result="Success" success="False" time="0,002" asserts="0">
                    <failure>
                      <message><![CDATA[System.IO.DirectoryNotFoundException : Could not find a part of the path 'D:\Development\SonarQube\VssonarExtension\VSSonarQubeExtension\testdata\duplicationsdata.txt'.]]></message>
                      <stack-trace><![CDATA[   at System.IO.__Error.WinIOError(Int32 errorCode, String maybeFullPath)
   at System.IO.FileStream.Init(String path, FileMode mode, FileAccess access, Int32 rights, Boolean useRights, FileShare share, Int32 bufferSize, FileOptions options, SECURITY_ATTRIBUTES secAttrs, String msgPath, Boolean bFromProxy, Boolean useLongPath, Boolean checkHost)
   at System.IO.FileStream..ctor(String path, FileMode mode, FileAccess access, FileShare share, Int32 bufferSize, FileOptions options, String msgPath, Boolean bFromProxy, Boolean useLongPath, Boolean checkHost)
   at System.IO.StreamReader..ctor(String path, Encoding encoding, Boolean detectEncodingFromByteOrderMarks, Int32 bufferSize, Boolean checkHost)
   at System.IO.File.InternalReadAllText(String path, Encoding encoding, Boolean checkHost)
   at System.IO.File.ReadAllText(String path)
   at SonarRestService.Test.MetricsTests.Should Get Corret Duplications From Data() in D:\Development\SonarQube\VssonarExtension\VSSonarQubeExtension\SonarRestService.Test\MetricsTests.fs:line 17]]></stack-trace>
                    </failure>
                  </test-case>
                </results>
              </test-suite>
              <test-suite type="TestFixture" name="QualityTests" executed="True" result="Failure" success="False" time="0,012" asserts="0">
                <failure>
                  <message><![CDATA[One or more child tests had errors]]></message>
                  <stack-trace />
                </failure>
                <results>
                  <test-case name="Should Get A correct Quality Profile" executed="True" result="Success" success="False" time="0,003" asserts="0">
                    <failure>
                      <message><![CDATA[System.IO.DirectoryNotFoundException : Could not find a part of the path 'D:\Development\SonarQube\VssonarExtension\VSSonarQubeExtension\testdata\profileresponse.txt'.]]></message>
                      <stack-trace><![CDATA[   at System.IO.__Error.WinIOError(Int32 errorCode, String maybeFullPath)
   at System.IO.FileStream.Init(String path, FileMode mode, FileAccess access, Int32 rights, Boolean useRights, FileShare share, Int32 bufferSize, FileOptions options, SECURITY_ATTRIBUTES secAttrs, String msgPath, Boolean bFromProxy, Boolean useLongPath, Boolean checkHost)
   at System.IO.FileStream..ctor(String path, FileMode mode, FileAccess access, FileShare share, Int32 bufferSize, FileOptions options, String msgPath, Boolean bFromProxy, Boolean useLongPath, Boolean checkHost)
   at System.IO.StreamReader..ctor(String path, Encoding encoding, Boolean detectEncodingFromByteOrderMarks, Int32 bufferSize, Boolean checkHost)
   at System.IO.File.InternalReadAllText(String path, Encoding encoding, Boolean checkHost)
   at System.IO.File.ReadAllText(String path)
   at SonarRestService.Test.QualityTests.Should Get A correct Quality Profile() in D:\Development\SonarQube\VssonarExtension\VSSonarQubeExtension\SonarRestService.Test\QualityTests.fs:line 17]]></stack-trace>
                    </failure>
                  </test-case>
                  <test-case name="Should Get Rules From Profile" executed="True" result="Success" success="False" time="0,002" asserts="0">
                    <failure>
                      <message><![CDATA[System.IO.DirectoryNotFoundException : Could not find a part of the path 'D:\Development\SonarQube\VssonarExtension\VSSonarQubeExtension\testdata\profileusingappid.txt'.]]></message>
                      <stack-trace><![CDATA[   at System.IO.__Error.WinIOError(Int32 errorCode, String maybeFullPath)
   at System.IO.FileStream.Init(String path, FileMode mode, FileAccess access, Int32 rights, Boolean useRights, FileShare share, Int32 bufferSize, FileOptions options, SECURITY_ATTRIBUTES secAttrs, String msgPath, Boolean bFromProxy, Boolean useLongPath, Boolean checkHost)
   at System.IO.FileStream..ctor(String path, FileMode mode, FileAccess access, FileShare share, Int32 bufferSize, FileOptions options, String msgPath, Boolean bFromProxy, Boolean useLongPath, Boolean checkHost)
   at System.IO.StreamReader..ctor(String path, Encoding encoding, Boolean detectEncodingFromByteOrderMarks, Int32 bufferSize, Boolean checkHost)
   at System.IO.File.InternalReadAllText(String path, Encoding encoding, Boolean checkHost)
   at System.IO.File.ReadAllText(String path)
   at SonarRestService.Test.QualityTests.Should Get Rules From Profile() in D:\Development\SonarQube\VssonarExtension\VSSonarQubeExtension\SonarRestService.Test\QualityTests.fs:line 64]]></stack-trace>
                    </failure>
                  </test-case>
                  <test-case name="Should Get Rules From Profile using App" executed="True" result="Success" success="False" time="0,002" asserts="0">
                    <failure>
                      <message><![CDATA[System.IO.DirectoryNotFoundException : Could not find a part of the path 'D:\Development\SonarQube\VssonarExtension\VSSonarQubeExtension\testdata\rulesearchquery.txt'.]]></message>
                      <stack-trace><![CDATA[   at System.IO.__Error.WinIOError(Int32 errorCode, String maybeFullPath)
   at System.IO.FileStream.Init(String path, FileMode mode, FileAccess access, Int32 rights, Boolean useRights, FileShare share, Int32 bufferSize, FileOptions options, SECURITY_ATTRIBUTES secAttrs, String msgPath, Boolean bFromProxy, Boolean useLongPath, Boolean checkHost)
   at System.IO.FileStream..ctor(String path, FileMode mode, FileAccess access, FileShare share, Int32 bufferSize, FileOptions options, String msgPath, Boolean bFromProxy, Boolean useLongPath, Boolean checkHost)
   at System.IO.StreamReader..ctor(String path, Encoding encoding, Boolean detectEncodingFromByteOrderMarks, Int32 bufferSize, Boolean checkHost)
   at System.IO.File.InternalReadAllText(String path, Encoding encoding, Boolean checkHost)
   at System.IO.File.ReadAllText(String path)
   at SonarRestService.Test.QualityTests.Should Get Rules From Profile using App() in D:\Development\SonarQube\VssonarExtension\VSSonarQubeExtension\SonarRestService.Test\QualityTests.fs:line 47]]></stack-trace>
                    </failure>
                  </test-case>
                  <test-case name="Should Get Valid Profile from Resource Response" executed="True" result="Success" success="False" time="0,002" asserts="0">
                    <failure>
                      <message><![CDATA[System.IO.DirectoryNotFoundException : Could not find a part of the path 'D:\Development\SonarQube\VssonarExtension\VSSonarQubeExtension\testdata\qualityProfileOfResource.txt'.]]></message>
                      <stack-trace><![CDATA[   at System.IO.__Error.WinIOError(Int32 errorCode, String maybeFullPath)
   at System.IO.FileStream.Init(String path, FileMode mode, FileAccess access, Int32 rights, Boolean useRights, FileShare share, Int32 bufferSize, FileOptions options, SECURITY_ATTRIBUTES secAttrs, String msgPath, Boolean bFromProxy, Boolean useLongPath, Boolean checkHost)
   at System.IO.FileStream..ctor(String path, FileMode mode, FileAccess access, FileShare share, Int32 bufferSize, FileOptions options, String msgPath, Boolean bFromProxy, Boolean useLongPath, Boolean checkHost)
   at System.IO.StreamReader..ctor(String path, Encoding encoding, Boolean detectEncodingFromByteOrderMarks, Int32 bufferSize, Boolean checkHost)
   at System.IO.File.InternalReadAllText(String path, Encoding encoding, Boolean checkHost)
   at System.IO.File.ReadAllText(String path)
   at SonarRestService.Test.QualityTests.Should Get Valid Profile from Resource Response() in D:\Development\SonarQube\VssonarExtension\VSSonarQubeExtension\SonarRestService.Test\QualityTests.fs:line 32]]></stack-trace>
                    </failure>
                  </test-case>
                  <test-case name="Should Search Rule in Profile" executed="True" result="Success" success="False" time="0,002" asserts="0">
                    <failure>
                      <message><![CDATA[System.IO.DirectoryNotFoundException : Could not find a part of the path 'D:\Development\SonarQube\VssonarExtension\VSSonarQubeExtension\testdata\rulesearchanswer.txt'.]]></message>
                      <stack-trace><![CDATA[   at System.IO.__Error.WinIOError(Int32 errorCode, String maybeFullPath)
   at System.IO.FileStream.Init(String path, FileMode mode, FileAccess access, Int32 rights, Boolean useRights, FileShare share, Int32 bufferSize, FileOptions options, SECURITY_ATTRIBUTES secAttrs, String msgPath, Boolean bFromProxy, Boolean useLongPath, Boolean checkHost)
   at System.IO.FileStream..ctor(String path, FileMode mode, FileAccess access, FileShare share, Int32 bufferSize, FileOptions options, String msgPath, Boolean bFromProxy, Boolean useLongPath, Boolean checkHost)
   at System.IO.StreamReader..ctor(String path, Encoding encoding, Boolean detectEncodingFromByteOrderMarks, Int32 bufferSize, Boolean checkHost)
   at System.IO.File.InternalReadAllText(String path, Encoding encoding, Boolean checkHost)
   at System.IO.File.ReadAllText(String path)
   at SonarRestService.Test.QualityTests.Should Search Rule in Profile() in D:\Development\SonarQube\VssonarExtension\VSSonarQubeExtension\SonarRestService.Test\QualityTests.fs:line 82]]></stack-trace>
                    </failure>
                  </test-case>
                </results>
              </test-suite>
              <test-suite type="TestFixture" name="ResourceTests" executed="True" result="Failure" success="False" time="0,028" asserts="0">
                <failure>
                  <message><![CDATA[One or more child tests had errors]]></message>
                  <stack-trace />
                </failure>
                <results>
                  <test-case name="Should Get Resource Info Properly" executed="True" result="Success" success="False" time="0,002" asserts="0">
                    <failure>
                      <message><![CDATA[System.IO.DirectoryNotFoundException : Could not find a part of the path 'D:\Development\SonarQube\VssonarExtension\VSSonarQubeExtension\testdata\resourceresponse.txt'.]]></message>
                      <stack-trace><![CDATA[   at System.IO.__Error.WinIOError(Int32 errorCode, String maybeFullPath)
   at System.IO.FileStream.Init(String path, FileMode mode, FileAccess access, Int32 rights, Boolean useRights, FileShare share, Int32 bufferSize, FileOptions options, SECURITY_ATTRIBUTES secAttrs, String msgPath, Boolean bFromProxy, Boolean useLongPath, Boolean checkHost)
   at System.IO.FileStream..ctor(String path, FileMode mode, FileAccess access, FileShare share, Int32 bufferSize, FileOptions options, String msgPath, Boolean bFromProxy, Boolean useLongPath, Boolean checkHost)
   at System.IO.StreamReader..ctor(String path, Encoding encoding, Boolean detectEncodingFromByteOrderMarks, Int32 bufferSize, Boolean checkHost)
   at System.IO.File.InternalReadAllText(String path, Encoding encoding, Boolean checkHost)
   at System.IO.File.ReadAllText(String path)
   at SonarRestService.Test.ResourceTests.Should Get Resource Info Properly() in D:\Development\SonarQube\VssonarExtension\VSSonarQubeExtension\SonarRestService.Test\ResourceTests.fs:line 21]]></stack-trace>
                    </failure>
                  </test-case>
                  <test-case name="Should Get Valid List of Coverage" executed="True" result="Success" success="False" time="0,005" asserts="0">
                    <failure>
                      <message><![CDATA[System.IO.DirectoryNotFoundException : Could not find a part of the path 'D:\Development\SonarQube\VssonarExtension\VSSonarQubeExtension\testdata\linecoveragesample.txt'.]]></message>
                      <stack-trace><![CDATA[   at System.IO.__Error.WinIOError(Int32 errorCode, String maybeFullPath)
   at System.IO.FileStream.Init(String path, FileMode mode, FileAccess access, Int32 rights, Boolean useRights, FileShare share, Int32 bufferSize, FileOptions options, SECURITY_ATTRIBUTES secAttrs, String msgPath, Boolean bFromProxy, Boolean useLongPath, Boolean checkHost)
   at System.IO.FileStream..ctor(String path, FileMode mode, FileAccess access, FileShare share, Int32 bufferSize, FileOptions options, String msgPath, Boolean bFromProxy, Boolean useLongPath, Boolean checkHost)
   at System.IO.StreamReader..ctor(String path, Encoding encoding, Boolean detectEncodingFromByteOrderMarks, Int32 bufferSize, Boolean checkHost)
   at System.IO.File.InternalReadAllText(String path, Encoding encoding, Boolean checkHost)
   at System.IO.File.ReadAllText(String path)
   at SonarRestService.Test.ResourceTests.Should Get Valid List of Coverage() in D:\Development\SonarQube\VssonarExtension\VSSonarQubeExtension\SonarRestService.Test\ResourceTests.fs:line 49]]></stack-trace>
                    </failure>
                  </test-case>
                  <test-case name="Should Get Valid List of Resources for project List" executed="True" result="Success" success="False" time="0,003" asserts="0">
                    <failure>
                      <message><![CDATA[System.IO.DirectoryNotFoundException : Could not find a part of the path 'D:\Development\SonarQube\VssonarExtension\VSSonarQubeExtension\testdata\listofprojects.txt'.]]></message>
                      <stack-trace><![CDATA[   at System.IO.__Error.WinIOError(Int32 errorCode, String maybeFullPath)
   at System.IO.FileStream.Init(String path, FileMode mode, FileAccess access, Int32 rights, Boolean useRights, FileShare share, Int32 bufferSize, FileOptions options, SECURITY_ATTRIBUTES secAttrs, String msgPath, Boolean bFromProxy, Boolean useLongPath, Boolean checkHost)
   at System.IO.FileStream..ctor(String path, FileMode mode, FileAccess access, FileShare share, Int32 bufferSize, FileOptions options, String msgPath, Boolean bFromProxy, Boolean useLongPath, Boolean checkHost)
   at System.IO.StreamReader..ctor(String path, Encoding encoding, Boolean detectEncodingFromByteOrderMarks, Int32 bufferSize, Boolean checkHost)
   at System.IO.File.InternalReadAllText(String path, Encoding encoding, Boolean checkHost)
   at System.IO.File.ReadAllText(String path)
   at SonarRestService.Test.ResourceTests.Should Get Valid List of Resources for project List() in D:\Development\SonarQube\VssonarExtension\VSSonarQubeExtension\SonarRestService.Test\ResourceTests.fs:line 34]]></stack-trace>
                    </failure>
                  </test-case>
                  <test-case name="Should Get Valid Source Data" executed="True" result="Success" success="False" time="0,002" asserts="0">
                    <failure>
                      <message><![CDATA[System.IO.DirectoryNotFoundException : Could not find a part of the path 'D:\Development\SonarQube\VssonarExtension\VSSonarQubeExtension\testdata\sourceres.txt'.]]></message>
                      <stack-trace><![CDATA[   at System.IO.__Error.WinIOError(Int32 errorCode, String maybeFullPath)
   at System.IO.FileStream.Init(String path, FileMode mode, FileAccess access, Int32 rights, Boolean useRights, FileShare share, Int32 bufferSize, FileOptions options, SECURITY_ATTRIBUTES secAttrs, String msgPath, Boolean bFromProxy, Boolean useLongPath, Boolean checkHost)
   at System.IO.FileStream..ctor(String path, FileMode mode, FileAccess access, FileShare share, Int32 bufferSize, FileOptions options, String msgPath, Boolean bFromProxy, Boolean useLongPath, Boolean checkHost)
   at System.IO.StreamReader..ctor(String path, Encoding encoding, Boolean detectEncodingFromByteOrderMarks, Int32 bufferSize, Boolean checkHost)
   at System.IO.File.InternalReadAllText(String path, Encoding encoding, Boolean checkHost)
   at System.IO.File.ReadAllText(String path)
   at SonarRestService.Test.ResourceTests.Should Get Valid Source Data() in D:\Development\SonarQube\VssonarExtension\VSSonarQubeExtension\SonarRestService.Test\ResourceTests.fs:line 62]]></stack-trace>
                    </failure>
                  </test-case>
                  <test-case name="Should PutComment Correctly On Sonar Higher than 3.6" executed="True" result="Success" success="False" time="0,009" asserts="0">
                    <failure>
                      <message><![CDATA[System.IO.DirectoryNotFoundException : Could not find a part of the path 'D:\Development\SonarQube\VssonarExtension\VSSonarQubeExtension\testdata\commentsReply.txt'.]]></message>
                      <stack-trace><![CDATA[   at System.IO.__Error.WinIOError(Int32 errorCode, String maybeFullPath)
   at System.IO.FileStream.Init(String path, FileMode mode, FileAccess access, Int32 rights, Boolean useRights, FileShare share, Int32 bufferSize, FileOptions options, SECURITY_ATTRIBUTES secAttrs, String msgPath, Boolean bFromProxy, Boolean useLongPath, Boolean checkHost)
   at System.IO.FileStream..ctor(String path, FileMode mode, FileAccess access, FileShare share, Int32 bufferSize, FileOptions options, String msgPath, Boolean bFromProxy, Boolean useLongPath, Boolean checkHost)
   at System.IO.StreamReader..ctor(String path, Encoding encoding, Boolean detectEncodingFromByteOrderMarks, Int32 bufferSize, Boolean checkHost)
   at System.IO.File.InternalReadAllText(String path, Encoding encoding, Boolean checkHost)
   at System.IO.File.ReadAllText(String path)
   at SonarRestService.Test.ResourceTests.Should PutComment Correctly On Sonar Higher than 3.6() in D:\Development\SonarQube\VssonarExtension\VSSonarQubeExtension\SonarRestService.Test\ResourceTests.fs:line 107]]></stack-trace>
                    </failure>
                  </test-case>
                  <test-case name="Should PutComment Correctly On Sonar Less than 3.6 No Review Attached" executed="True" result="Success" success="False" time="0,003" asserts="0">
                    <failure>
                      <message><![CDATA[System.IO.DirectoryNotFoundException : Could not find a part of the path 'D:\Development\SonarQube\VssonarExtension\VSSonarQubeExtension\testdata\ResponseToAddCommentOldFormat.txt'.]]></message>
                      <stack-trace><![CDATA[   at System.IO.__Error.WinIOError(Int32 errorCode, String maybeFullPath)
   at System.IO.FileStream.Init(String path, FileMode mode, FileAccess access, Int32 rights, Boolean useRights, FileShare share, Int32 bufferSize, FileOptions options, SECURITY_ATTRIBUTES secAttrs, String msgPath, Boolean bFromProxy, Boolean useLongPath, Boolean checkHost)
   at System.IO.FileStream..ctor(String path, FileMode mode, FileAccess access, FileShare share, Int32 bufferSize, FileOptions options, String msgPath, Boolean bFromProxy, Boolean useLongPath, Boolean checkHost)
   at System.IO.StreamReader..ctor(String path, Encoding encoding, Boolean detectEncodingFromByteOrderMarks, Int32 bufferSize, Boolean checkHost)
   at System.IO.File.InternalReadAllText(String path, Encoding encoding, Boolean checkHost)
   at System.IO.File.ReadAllText(String path)
   at SonarRestService.Test.ResourceTests.Should PutComment Correctly On Sonar Less than 3.6 No Review Attached() in D:\Development\SonarQube\VssonarExtension\VSSonarQubeExtension\SonarRestService.Test\ResourceTests.fs:line 133]]></stack-trace>
                    </failure>
                  </test-case>
                  <test-case name="Should PutComment Correctly On Sonar Less than 3.6 Review Attached" executed="True" result="Success" success="False" time="0,003" asserts="0">
                    <failure>
                      <message><![CDATA[System.IO.DirectoryNotFoundException : Could not find a part of the path 'D:\Development\SonarQube\VssonarExtension\VSSonarQubeExtension\testdata\ResponseToAddCommentOldFormat.txt'.]]></message>
                      <stack-trace><![CDATA[   at System.IO.__Error.WinIOError(Int32 errorCode, String maybeFullPath)
   at System.IO.FileStream.Init(String path, FileMode mode, FileAccess access, Int32 rights, Boolean useRights, FileShare share, Int32 bufferSize, FileOptions options, SECURITY_ATTRIBUTES secAttrs, String msgPath, Boolean bFromProxy, Boolean useLongPath, Boolean checkHost)
   at System.IO.FileStream..ctor(String path, FileMode mode, FileAccess access, FileShare share, Int32 bufferSize, FileOptions options, String msgPath, Boolean bFromProxy, Boolean useLongPath, Boolean checkHost)
   at System.IO.StreamReader..ctor(String path, Encoding encoding, Boolean detectEncodingFromByteOrderMarks, Int32 bufferSize, Boolean checkHost)
   at System.IO.File.InternalReadAllText(String path, Encoding encoding, Boolean checkHost)
   at System.IO.File.ReadAllText(String path)
   at SonarRestService.Test.ResourceTests.Should PutComment Correctly On Sonar Less than 3.6 Review Attached() in D:\Development\SonarQube\VssonarExtension\VSSonarQubeExtension\SonarRestService.Test\ResourceTests.fs:line 75]]></stack-trace>
                    </failure>
                  </test-case>
                </results>
              </test-suite>
            </results>
          </test-suite>
        </results>
      </test-suite>
    </results>
  </test-suite>
</test-results>