<?xml version="1.0" encoding="utf-8"?>
<CoverageSession xmlns:xsd="http://www.w3.org/2001/XMLSchema" xmlns:xsi="http://www.w3.org/2001/XMLSchema-instance">
  <Summary numSequencePoints="1477" visitedSequencePoints="341" numBranchPoints="1004" visitedBranchPoints="148" sequenceCoverage="23.09" branchCoverage="14.74" maxCyclomaticComplexity="14" minCyclomaticComplexity="0" />
  <Modules>
    <Module skippedDueTo="Filter" hash="74-12-F2-0F-40-B8-B2-CE-9E-8B-23-68-2B-F0-CD-3D-39-F2-D8-0E">
      <FullName>C:\Windows\Microsoft.Net\assembly\GAC_64\mscorlib\v4.0_4.0.0.0__b77a5c561934e089\mscorlib.dll</FullName>
      <ModuleName>mscorlib</ModuleName>
      <Classes />
    </Module>
    <Module skippedDueTo="MissingPdb" hash="94-AF-6B-3C-84-FE-0E-9C-82-E8-C5-B9-3A-C5-DA-DC-DF-38-A9-A0">
      <FullName>D:\Development\SonarQube\VssonarExtension\VSSonarQubeExtension\msbuild\Nunit\nunit-console.exe</FullName>
      <ModuleName>nunit-console</ModuleName>
      <Classes />
    </Module>
    <Module skippedDueTo="Filter" hash="98-54-0E-D5-F8-8E-A2-10-F8-05-4B-0A-E0-A3-C0-BF-53-BA-B3-39">
      <FullName>C:\Windows\Microsoft.Net\assembly\GAC_MSIL\System\v4.0_4.0.0.0__b77a5c561934e089\System.dll</FullName>
      <ModuleName>System</ModuleName>
      <Classes />
    </Module>
    <Module skippedDueTo="MissingPdb" hash="61-8F-EE-44-71-95-36-73-0E-14-E7-D0-ED-B2-11-E4-1A-7B-AE-AF">
      <FullName>D:\Development\SonarQube\VssonarExtension\VSSonarQubeExtension\msbuild\NUnit\nunit.engine.api.dll</FullName>
      <ModuleName>nunit.engine.api</ModuleName>
      <Classes />
    </Module>
    <Module skippedDueTo="MissingPdb" hash="B8-67-B3-0B-EF-25-9C-53-E7-B1-83-6A-03-69-56-CF-D7-38-75-93">
      <FullName>D:\Development\SonarQube\VssonarExtension\VSSonarQubeExtension\msbuild\NUnit\nunit.engine.dll</FullName>
      <ModuleName>nunit.engine</ModuleName>
      <Classes />
    </Module>
    <Module skippedDueTo="MissingPdb" hash="B0-30-C8-80-74-C1-7B-A9-4A-DD-84-4D-D1-FF-21-04-B3-7B-73-81">
      <FullName>D:\Development\SonarQube\VssonarExtension\VSSonarQubeExtension\msbuild\NUnit\Mono.Addins.dll</FullName>
      <ModuleName>Mono.Addins</ModuleName>
      <Classes />
    </Module>
    <Module skippedDueTo="Filter" hash="8B-7A-84-28-F9-A1-75-E1-A8-64-05-FB-84-AA-30-36-36-A1-5A-B9">
      <FullName>C:\Windows\Microsoft.Net\assembly\GAC_MSIL\System.Xml\v4.0_4.0.0.0__b77a5c561934e089\System.Xml.dll</FullName>
      <ModuleName>System.Xml</ModuleName>
      <Classes />
    </Module>
    <Module skippedDueTo="MissingPdb" hash="D3-1A-71-49-CD-BC-C7-89-73-93-F1-7E-54-62-86-9A-0A-7A-4B-3B">
      <FullName>D:\Development\SonarQube\VssonarExtension\VSSonarQubeExtension\msbuild\NUnit\addins\nunit.v2.driver.dll</FullName>
      <ModuleName>nunit.v2.driver</ModuleName>
      <Classes />
    </Module>
    <Module skippedDueTo="MissingPdb" hash="0F-CD-7F-5B-BB-DA-BC-C1-3E-53-4E-65-C3-89-48-B4-96-F7-B4-E5">
      <FullName>D:\Development\SonarQube\VssonarExtension\VSSonarQubeExtension\msbuild\NUnit\addins\nunit.core.dll</FullName>
      <ModuleName>nunit.core</ModuleName>
      <Classes />
    </Module>
    <Module skippedDueTo="MissingPdb" hash="81-B0-11-09-2F-7B-2A-93-A1-2E-D1-21-1B-5B-C4-B5-74-D2-62-48">
      <FullName>D:\Development\SonarQube\VssonarExtension\VSSonarQubeExtension\msbuild\NUnit\addins\nunit.core.interfaces.dll</FullName>
      <ModuleName>nunit.core.interfaces</ModuleName>
      <Classes />
    </Module>
    <Module skippedDueTo="MissingPdb" hash="33-D9-82-90-B1-1E-4F-60-95-4F-43-77-46-83-1D-9C-5B-F5-F9-98">
      <FullName>D:\Development\SonarQube\VssonarExtension\VSSonarQubeExtension\msbuild\NUnit\addins\nunit-project-loader.dll</FullName>
      <ModuleName>nunit-project-loader</ModuleName>
      <Classes />
    </Module>
    <Module skippedDueTo="MissingPdb" hash="31-20-65-5E-68-2F-33-97-AB-EC-53-26-25-71-A1-2F-54-70-63-47">
      <FullName>D:\Development\SonarQube\VssonarExtension\VSSonarQubeExtension\msbuild\NUnit\addins\vs-project-loader.dll</FullName>
      <ModuleName>vs-project-loader</ModuleName>
      <Classes />
    </Module>
    <Module skippedDueTo="Filter" hash="41-E4-B7-1F-1D-5A-03-E3-25-97-69-EB-0E-7F-02-BA-F4-B9-5A-D8">
      <FullName>C:\Windows\Microsoft.Net\assembly\GAC_MSIL\System.Runtime.Remoting\v4.0_4.0.0.0__b77a5c561934e089\System.Runtime.Remoting.dll</FullName>
      <ModuleName>System.Runtime.Remoting</ModuleName>
      <Classes />
    </Module>
    <Module skippedDueTo="Filter" hash="58-2D-DD-6B-5F-8E-AA-A2-25-4E-A9-3A-D9-B3-F1-4C-32-10-00-FB">
      <FullName>C:\Windows\Microsoft.Net\assembly\GAC_MSIL\System.Configuration\v4.0_4.0.0.0__b03f5f7f11d50a3a\System.Configuration.dll</FullName>
      <ModuleName>System.Configuration</ModuleName>
      <Classes />
    </Module>
    <Module skippedDueTo="MissingPdb" hash="B1-09-62-DF-EE-22-8B-FF-64-17-F8-9E-81-1D-1E-5B-17-EF-34-B2">
      <FullName>D:\Development\SonarQube\VssonarExtension\VSSonarQubeExtension\msbuild\NUnit\addins\nunit-v2-result-writer.dll</FullName>
      <ModuleName>nunit-v2-result-writer</ModuleName>
      <Classes />
    </Module>
    <Module skippedDueTo="MissingPdb" hash="4C-3D-F2-63-CE-85-4B-3E-94-C3-CD-72-48-FB-9C-74-2A-40-9B-E7">
      <FullName>D:\Development\SonarQube\VssonarExtension\VSSonarQubeExtension\msbuild\NUnit\nunit-agent.exe</FullName>
      <ModuleName>nunit-agent</ModuleName>
      <Classes />
    </Module>
    <Module skippedDueTo="Filter" hash="83-B3-A1-F3-9F-60-DF-93-F3-05-A7-2A-62-D9-44-0E-32-07-9E-AB">
      <FullName>C:\Windows\Microsoft.Net\assembly\GAC_64\System.Web\v4.0_4.0.0.0__b03f5f7f11d50a3a\System.Web.dll</FullName>
      <ModuleName>System.Web</ModuleName>
      <Classes />
    </Module>
    <Module hash="EA-33-F7-E6-28-67-4A-44-89-F8-67-3B-77-C0-2B-E5-04-68-3B-D8">
      <Summary numSequencePoints="164" visitedSequencePoints="112" numBranchPoints="42" visitedBranchPoints="30" sequenceCoverage="68.29" branchCoverage="71.43" maxCyclomaticComplexity="1" minCyclomaticComplexity="0" />
      <FullName>D:\Development\SonarQube\VssonarExtension\VSSonarQubeExtension\SonarLocalAnalyser.Test\bin\Release\SonarLocalAnalyser.Test.dll</FullName>
      <ModuleName>SonarLocalAnalyser.Test</ModuleName>
      <Files>
        <File uid="1" fullPath="D:\Development\SonarQube\VssonarExtension\VSSonarQubeExtension\SonarLocalAnalyser.Test\RunAnalysisTests.fs" />
        <File uid="2" fullPath="D:\Development\SonarQube\VssonarExtension\VSSonarQubeExtension\SonarLocalAnalyser.Test\SupportTests.fs" />
        <File uid="3" fullPath="D:\Development\SonarQube\VssonarExtension\VSSonarQubeExtension\SonarLocalAnalyser.Test\TranslatorTest.fs" />
        <File uid="4" fullPath="D:\Development\SonarQube\VssonarExtension\VSSonarQubeExtension\SonarLocalAnalyser.Test\KeyTests.fs" />
      </Files>
      <Classes>
        <Class>
          <Summary numSequencePoints="0" visitedSequencePoints="0" numBranchPoints="0" visitedBranchPoints="0" sequenceCoverage="0" branchCoverage="0" maxCyclomaticComplexity="0" minCyclomaticComplexity="0" />
          <FullName>&lt;Module&gt;</FullName>
          <Methods />
        </Class>
        <Class>
          <Summary numSequencePoints="20" visitedSequencePoints="14" numBranchPoints="5" visitedBranchPoints="3" sequenceCoverage="70" branchCoverage="60" maxCyclomaticComplexity="1" minCyclomaticComplexity="1" />
          <FullName>SonarLocalAnalyser.Test.RunAnalysisTests</FullName>
          <Methods>
            <Method visited="true" cyclomaticComplexity="1" sequenceCoverage="100" branchCoverage="100" isConstructor="true" isStatic="false" isGetter="false" isSetter="false">
              <Summary numSequencePoints="1" visitedSequencePoints="1" numBranchPoints="1" visitedBranchPoints="1" sequenceCoverage="100" branchCoverage="100" maxCyclomaticComplexity="1" minCyclomaticComplexity="1" />
              <MetadataToken>100663297</MetadataToken>
              <Name>System.Void SonarLocalAnalyser.Test.RunAnalysisTests::.ctor()</Name>
              <FileRef uid="1" />
              <SequencePoints>
                <SequencePoint vc="1" uspid="1" ordinal="0" offset="0" sl="25" sc="6" el="25" ec="22" />
              </SequencePoints>
              <BranchPoints />
              <MethodPoint xsi:type="SequencePoint" vc="1" uspid="1" ordinal="0" offset="0" sl="25" sc="6" el="25" ec="22" />
            </Method>
            <Method visited="true" cyclomaticComplexity="1" sequenceCoverage="100" branchCoverage="100" isConstructor="false" isStatic="false" isGetter="false" isSetter="false">
              <Summary numSequencePoints="3" visitedSequencePoints="3" numBranchPoints="1" visitedBranchPoints="1" sequenceCoverage="100" branchCoverage="100" maxCyclomaticComplexity="1" minCyclomaticComplexity="1" />
              <MetadataToken>100663298</MetadataToken>
              <Name>System.Void SonarLocalAnalyser.Test.RunAnalysisTests::If Thread is Null then analysis is not running()</Name>
              <FileRef uid="1" />
              <SequencePoints>
                <SequencePoint vc="1" uspid="2" ordinal="0" offset="0" sl="30" sc="9" el="33" ec="26" />
                <SequencePoint vc="1" uspid="3" ordinal="1" offset="45" sl="35" sc="9" el="35" ec="178" />
                <SequencePoint vc="1" uspid="4" ordinal="2" offset="83" sl="36" sc="9" el="36" ec="81" />
              </SequencePoints>
              <BranchPoints />
              <MethodPoint xsi:type="SequencePoint" vc="1" uspid="2" ordinal="0" offset="0" sl="30" sc="9" el="33" ec="26" />
            </Method>
            <Method visited="false" cyclomaticComplexity="1" sequenceCoverage="0" branchCoverage="0" isConstructor="false" isStatic="false" isGetter="false" isSetter="false">
              <Summary numSequencePoints="2" visitedSequencePoints="0" numBranchPoints="1" visitedBranchPoints="0" sequenceCoverage="0" branchCoverage="0" maxCyclomaticComplexity="1" minCyclomaticComplexity="1" />
              <MetadataToken>100663299</MetadataToken>
              <Name>VSSonarPlugins.ResourceNotSupportedException SonarLocalAnalyser.Test.RunAnalysisTests::Should throw exception when no plugin is found()</Name>
              <FileRef uid="1" />
              <SequencePoints>
                <SequencePoint vc="0" uspid="5" ordinal="0" offset="0" sl="40" sc="9" el="40" ec="204" />
                <SequencePoint vc="0" uspid="6" ordinal="1" offset="48" sl="41" sc="9" el="41" ec="146" />
              </SequencePoints>
              <BranchPoints />
              <MethodPoint xsi:type="SequencePoint" vc="0" uspid="5" ordinal="0" offset="0" sl="40" sc="9" el="40" ec="204" />
            </Method>
            <Method visited="false" cyclomaticComplexity="1" sequenceCoverage="0" branchCoverage="0" isConstructor="false" isStatic="false" isGetter="false" isSetter="false">
              <Summary numSequencePoints="4" visitedSequencePoints="0" numBranchPoints="1" visitedBranchPoints="0" sequenceCoverage="0" branchCoverage="0" maxCyclomaticComplexity="1" minCyclomaticComplexity="1" />
              <MetadataToken>100663300</MetadataToken>
              <Name>VSSonarPlugins.ResourceNotSupportedException SonarLocalAnalyser.Test.RunAnalysisTests::Should throw exception if No plugins are loaded and we give a good resource()</Name>
              <FileRef uid="1" />
              <SequencePoints>
                <SequencePoint vc="0" uspid="7" ordinal="0" offset="0" sl="45" sc="9" el="45" ec="204" />
                <SequencePoint vc="0" uspid="8" ordinal="1" offset="48" sl="46" sc="9" el="46" ec="37" />
                <SequencePoint vc="0" uspid="9" ordinal="2" offset="54" sl="47" sc="9" el="47" ec="30" />
                <SequencePoint vc="0" uspid="10" ordinal="3" offset="65" sl="48" sc="9" el="48" ec="148" />
              </SequencePoints>
              <BranchPoints />
              <MethodPoint xsi:type="SequencePoint" vc="0" uspid="7" ordinal="0" offset="0" sl="45" sc="9" el="45" ec="204" />
            </Method>
            <Method visited="true" cyclomaticComplexity="1" sequenceCoverage="100" branchCoverage="100" isConstructor="false" isStatic="false" isGetter="false" isSetter="false">
              <Summary numSequencePoints="10" visitedSequencePoints="10" numBranchPoints="1" visitedBranchPoints="1" sequenceCoverage="100" branchCoverage="100" maxCyclomaticComplexity="1" minCyclomaticComplexity="1" />
              <MetadataToken>100663301</MetadataToken>
              <Name>System.Void SonarLocalAnalyser.Test.RunAnalysisTests::Should Return Key When Single language is set()</Name>
              <FileRef uid="1" />
              <SequencePoints>
                <SequencePoint vc="1" uspid="11" ordinal="0" offset="0" sl="52" sc="9" el="52" ec="37" />
                <SequencePoint vc="1" uspid="12" ordinal="1" offset="7" sl="53" sc="9" el="53" ec="82" />
                <SequencePoint vc="1" uspid="13" ordinal="2" offset="37" sl="54" sc="9" el="54" ec="56" />
                <SequencePoint vc="1" uspid="14" ordinal="3" offset="43" sl="55" sc="9" el="55" ec="47" />
                <SequencePoint vc="1" uspid="15" ordinal="4" offset="54" sl="57" sc="9" el="60" ec="26" />
                <SequencePoint vc="1" uspid="16" ordinal="5" offset="102" sl="62" sc="9" el="67" ec="26" />
                <SequencePoint vc="1" uspid="17" ordinal="6" offset="167" sl="69" sc="9" el="69" ec="83" />
                <SequencePoint vc="1" uspid="18" ordinal="7" offset="174" sl="70" sc="9" el="70" ec="39" />
                <SequencePoint vc="1" uspid="19" ordinal="8" offset="183" sl="71" sc="9" el="71" ec="192" />
                <SequencePoint vc="1" uspid="20" ordinal="9" offset="224" sl="73" sc="9" el="73" ec="103" />
              </SequencePoints>
              <BranchPoints />
              <MethodPoint xsi:type="SequencePoint" vc="1" uspid="11" ordinal="0" offset="0" sl="52" sc="9" el="52" ec="37" />
            </Method>
          </Methods>
        </Class>
        <Class>
          <Summary numSequencePoints="21" visitedSequencePoints="13" numBranchPoints="5" visitedBranchPoints="3" sequenceCoverage="61.90" branchCoverage="60" maxCyclomaticComplexity="1" minCyclomaticComplexity="1" />
          <FullName>SonarLocalAnalyser.Test.SupportTests</FullName>
          <Methods>
            <Method visited="true" cyclomaticComplexity="1" sequenceCoverage="100" branchCoverage="100" isConstructor="true" isStatic="false" isGetter="false" isSetter="false">
              <Summary numSequencePoints="1" visitedSequencePoints="1" numBranchPoints="1" visitedBranchPoints="1" sequenceCoverage="100" branchCoverage="100" maxCyclomaticComplexity="1" minCyclomaticComplexity="1" />
              <MetadataToken>100663302</MetadataToken>
              <Name>System.Void SonarLocalAnalyser.Test.SupportTests::.ctor()</Name>
              <FileRef uid="2" />
              <SequencePoints>
                <SequencePoint vc="1" uspid="21" ordinal="0" offset="0" sl="25" sc="6" el="25" ec="18" />
              </SequencePoints>
              <BranchPoints />
              <MethodPoint xsi:type="SequencePoint" vc="1" uspid="21" ordinal="0" offset="0" sl="25" sc="6" el="25" ec="18" />
            </Method>
            <Method visited="false" cyclomaticComplexity="1" sequenceCoverage="0" branchCoverage="0" isConstructor="false" isStatic="false" isGetter="false" isSetter="false">
              <Summary numSequencePoints="3" visitedSequencePoints="0" numBranchPoints="1" visitedBranchPoints="0" sequenceCoverage="0" branchCoverage="0" maxCyclomaticComplexity="1" minCyclomaticComplexity="1" />
              <MetadataToken>100663303</MetadataToken>
              <Name>VSSonarPlugins.NoPluginInstalledException SonarLocalAnalyser.Test.SupportTests::Should throw exception if no plugins are loaded for multilanguage scenario()</Name>
              <FileRef uid="2" />
              <SequencePoints>
                <SequencePoint vc="0" uspid="22" ordinal="0" offset="0" sl="29" sc="9" el="29" ec="37" />
                <SequencePoint vc="0" uspid="23" ordinal="1" offset="7" sl="31" sc="9" el="31" ec="204" />
                <SequencePoint vc="0" uspid="24" ordinal="2" offset="54" sl="32" sc="9" el="32" ec="114" />
              </SequencePoints>
              <BranchPoints />
              <MethodPoint xsi:type="SequencePoint" vc="0" uspid="22" ordinal="0" offset="0" sl="29" sc="9" el="29" ec="37" />
            </Method>
            <Method visited="false" cyclomaticComplexity="1" sequenceCoverage="0" branchCoverage="0" isConstructor="false" isStatic="false" isGetter="false" isSetter="false">
              <Summary numSequencePoints="5" visitedSequencePoints="0" numBranchPoints="1" visitedBranchPoints="0" sequenceCoverage="0" branchCoverage="0" maxCyclomaticComplexity="1" minCyclomaticComplexity="1" />
              <MetadataToken>100663304</MetadataToken>
              <Name>VSSonarPlugins.ProjectNotAssociatedException SonarLocalAnalyser.Test.SupportTests::Should throw exception project is not associated for multilanguage scenario()</Name>
              <FileRef uid="2" />
              <SequencePoints>
                <SequencePoint vc="0" uspid="25" ordinal="0" offset="0" sl="36" sc="9" el="36" ec="37" />
                <SequencePoint vc="0" uspid="26" ordinal="1" offset="7" sl="38" sc="9" el="38" ec="83" />
                <SequencePoint vc="0" uspid="27" ordinal="2" offset="13" sl="39" sc="9" el="39" ec="60" />
                <SequencePoint vc="0" uspid="28" ordinal="3" offset="29" sl="40" sc="9" el="40" ec="213" />
                <SequencePoint vc="0" uspid="29" ordinal="4" offset="76" sl="41" sc="9" el="41" ec="114" />
              </SequencePoints>
              <BranchPoints />
              <MethodPoint xsi:type="SequencePoint" vc="0" uspid="25" ordinal="0" offset="0" sl="36" sc="9" el="36" ec="37" />
            </Method>
            <Method visited="true" cyclomaticComplexity="1" sequenceCoverage="100" branchCoverage="100" isConstructor="false" isStatic="false" isGetter="false" isSetter="false">
              <Summary numSequencePoints="6" visitedSequencePoints="6" numBranchPoints="1" visitedBranchPoints="1" sequenceCoverage="100" branchCoverage="100" maxCyclomaticComplexity="1" minCyclomaticComplexity="1" />
              <MetadataToken>100663305</MetadataToken>
              <Name>System.Void SonarLocalAnalyser.Test.SupportTests::Should allow multi language if lang is not defined()</Name>
              <FileRef uid="2" />
              <SequencePoints>
                <SequencePoint vc="1" uspid="30" ordinal="0" offset="0" sl="45" sc="9" el="45" ec="37" />
                <SequencePoint vc="1" uspid="31" ordinal="1" offset="7" sl="46" sc="9" el="49" ec="26" />
                <SequencePoint vc="1" uspid="32" ordinal="2" offset="51" sl="51" sc="9" el="51" ec="83" />
                <SequencePoint vc="1" uspid="33" ordinal="3" offset="57" sl="52" sc="9" el="52" ec="60" />
                <SequencePoint vc="1" uspid="34" ordinal="4" offset="73" sl="53" sc="9" el="53" ec="187" />
                <SequencePoint vc="1" uspid="35" ordinal="5" offset="112" sl="54" sc="9" el="54" ec="74" />
              </SequencePoints>
              <BranchPoints />
              <MethodPoint xsi:type="SequencePoint" vc="1" uspid="30" ordinal="0" offset="0" sl="45" sc="9" el="45" ec="37" />
            </Method>
            <Method visited="true" cyclomaticComplexity="1" sequenceCoverage="100" branchCoverage="100" isConstructor="false" isStatic="false" isGetter="false" isSetter="false">
              <Summary numSequencePoints="6" visitedSequencePoints="6" numBranchPoints="1" visitedBranchPoints="1" sequenceCoverage="100" branchCoverage="100" maxCyclomaticComplexity="1" minCyclomaticComplexity="1" />
              <MetadataToken>100663306</MetadataToken>
              <Name>System.Void SonarLocalAnalyser.Test.SupportTests::Should not allow multi language if lang is defined()</Name>
              <FileRef uid="2" />
              <SequencePoints>
                <SequencePoint vc="1" uspid="36" ordinal="0" offset="0" sl="58" sc="9" el="58" ec="49" />
                <SequencePoint vc="1" uspid="37" ordinal="1" offset="20" sl="60" sc="9" el="63" ec="26" />
                <SequencePoint vc="1" uspid="38" ordinal="2" offset="64" sl="65" sc="9" el="65" ec="83" />
                <SequencePoint vc="1" uspid="39" ordinal="3" offset="71" sl="66" sc="9" el="66" ec="60" />
                <SequencePoint vc="1" uspid="40" ordinal="4" offset="88" sl="67" sc="9" el="67" ec="187" />
                <SequencePoint vc="1" uspid="41" ordinal="5" offset="128" sl="68" sc="9" el="68" ec="75" />
              </SequencePoints>
              <BranchPoints />
              <MethodPoint xsi:type="SequencePoint" vc="1" uspid="36" ordinal="0" offset="0" sl="58" sc="9" el="58" ec="49" />
            </Method>
          </Methods>
        </Class>
        <Class>
          <Summary numSequencePoints="87" visitedSequencePoints="61" numBranchPoints="9" visitedBranchPoints="9" sequenceCoverage="70.11" branchCoverage="100" maxCyclomaticComplexity="1" minCyclomaticComplexity="1" />
          <FullName>SonarLocalAnalyser.Test.TraTests</FullName>
          <Methods>
            <Method visited="true" cyclomaticComplexity="1" sequenceCoverage="100" branchCoverage="100" isConstructor="true" isStatic="false" isGetter="false" isSetter="false">
              <Summary numSequencePoints="3" visitedSequencePoints="3" numBranchPoints="1" visitedBranchPoints="1" sequenceCoverage="100" branchCoverage="100" maxCyclomaticComplexity="1" minCyclomaticComplexity="1" />
              <MetadataToken>100663307</MetadataToken>
              <Name>System.Void SonarLocalAnalyser.Test.TraTests::.ctor()</Name>
              <FileRef uid="3" />
              <SequencePoints>
                <SequencePoint vc="1" uspid="42" ordinal="0" offset="0" sl="29" sc="5" el="29" ec="103" />
                <SequencePoint vc="1" uspid="43" ordinal="1" offset="35" sl="31" sc="5" el="35" ec="22" />
                <SequencePoint vc="1" uspid="44" ordinal="2" offset="126" sl="27" sc="6" el="27" ec="14" />
              </SequencePoints>
              <BranchPoints />
              <MethodPoint xsi:type="SequencePoint" vc="1" uspid="42" ordinal="0" offset="0" sl="29" sc="5" el="29" ec="103" />
            </Method>
            <Method visited="true" cyclomaticComplexity="1" sequenceCoverage="46.15" branchCoverage="100" isConstructor="false" isStatic="false" isGetter="false" isSetter="false">
              <Summary numSequencePoints="13" visitedSequencePoints="6" numBranchPoints="1" visitedBranchPoints="1" sequenceCoverage="46.15" branchCoverage="100" maxCyclomaticComplexity="1" minCyclomaticComplexity="1" />
              <MetadataToken>100663308</MetadataToken>
              <Name>System.Void SonarLocalAnalyser.Test.TraTests::Should Return Key Correctly When Multi Module()</Name>
              <FileRef uid="3" />
              <SequencePoints>
                <SequencePoint vc="1" uspid="45" ordinal="0" offset="0" sl="39" sc="9" el="39" ec="47" />
                <SequencePoint vc="1" uspid="46" ordinal="1" offset="7" sl="40" sc="9" el="40" ec="148" />
                <SequencePoint vc="1" uspid="47" ordinal="2" offset="43" sl="41" sc="9" el="41" ec="145" />
                <SequencePoint vc="1" uspid="48" ordinal="3" offset="66" sl="42" sc="9" el="42" ec="64" />
                <SequencePoint vc="1" uspid="49" ordinal="4" offset="98" sl="43" sc="9" el="43" ec="79" />
                <SequencePoint vc="1" uspid="50" ordinal="5" offset="124" sl="44" sc="9" el="44" ec="76" />
                <SequencePoint vc="0" uspid="51" ordinal="6" offset="150" sl="46" sc="9" el="46" ec="36" />
                <SequencePoint vc="0" uspid="52" ordinal="7" offset="156" sl="47" sc="9" el="47" ec="35" />
                <SequencePoint vc="0" uspid="53" ordinal="8" offset="167" sl="48" sc="9" el="48" ec="122" />
                <SequencePoint vc="0" uspid="54" ordinal="9" offset="189" sl="49" sc="9" el="49" ec="44" />
                <SequencePoint vc="0" uspid="55" ordinal="10" offset="200" sl="50" sc="9" el="50" ec="54" />
                <SequencePoint vc="0" uspid="56" ordinal="11" offset="216" sl="51" sc="9" el="51" ec="121" />
                <SequencePoint vc="0" uspid="57" ordinal="12" offset="248" sl="52" sc="9" el="52" ec="115" />
              </SequencePoints>
              <BranchPoints />
              <MethodPoint xsi:type="SequencePoint" vc="1" uspid="45" ordinal="0" offset="0" sl="39" sc="9" el="39" ec="47" />
            </Method>
            <Method visited="true" cyclomaticComplexity="1" sequenceCoverage="85.71" branchCoverage="100" isConstructor="false" isStatic="false" isGetter="false" isSetter="false">
              <Summary numSequencePoints="7" visitedSequencePoints="6" numBranchPoints="1" visitedBranchPoints="1" sequenceCoverage="85.71" branchCoverage="100" maxCyclomaticComplexity="1" minCyclomaticComplexity="1" />
              <MetadataToken>100663309</MetadataToken>
              <Name>System.Void SonarLocalAnalyser.Test.TraTests::Should Return Path Correctly When Multi Module()</Name>
              <FileRef uid="3" />
              <SequencePoints>
                <SequencePoint vc="1" uspid="58" ordinal="0" offset="0" sl="56" sc="9" el="56" ec="47" />
                <SequencePoint vc="1" uspid="59" ordinal="1" offset="7" sl="57" sc="9" el="57" ec="148" />
                <SequencePoint vc="1" uspid="60" ordinal="2" offset="43" sl="58" sc="9" el="58" ec="145" />
                <SequencePoint vc="1" uspid="61" ordinal="3" offset="66" sl="59" sc="9" el="59" ec="64" />
                <SequencePoint vc="1" uspid="62" ordinal="4" offset="98" sl="60" sc="9" el="60" ec="79" />
                <SequencePoint vc="1" uspid="63" ordinal="5" offset="124" sl="61" sc="9" el="61" ec="76" />
                <SequencePoint vc="0" uspid="64" ordinal="6" offset="150" sl="62" sc="9" el="62" ec="206" />
              </SequencePoints>
              <BranchPoints />
              <MethodPoint xsi:type="SequencePoint" vc="1" uspid="58" ordinal="0" offset="0" sl="56" sc="9" el="56" ec="47" />
            </Method>
            <Method visited="true" cyclomaticComplexity="1" sequenceCoverage="46.15" branchCoverage="100" isConstructor="false" isStatic="false" isGetter="false" isSetter="false">
              <Summary numSequencePoints="13" visitedSequencePoints="6" numBranchPoints="1" visitedBranchPoints="1" sequenceCoverage="46.15" branchCoverage="100" maxCyclomaticComplexity="1" minCyclomaticComplexity="1" />
              <MetadataToken>100663310</MetadataToken>
              <Name>System.Void SonarLocalAnalyser.Test.TraTests::Should Return Key Correctly With Flat Structure()</Name>
              <FileRef uid="3" />
              <SequencePoints>
                <SequencePoint vc="1" uspid="65" ordinal="0" offset="0" sl="66" sc="9" el="66" ec="47" />
                <SequencePoint vc="1" uspid="66" ordinal="1" offset="7" sl="67" sc="9" el="67" ec="144" />
                <SequencePoint vc="1" uspid="67" ordinal="2" offset="43" sl="68" sc="9" el="68" ec="141" />
                <SequencePoint vc="1" uspid="68" ordinal="3" offset="66" sl="70" sc="9" el="70" ec="64" />
                <SequencePoint vc="1" uspid="69" ordinal="4" offset="98" sl="71" sc="9" el="71" ec="84" />
                <SequencePoint vc="1" uspid="70" ordinal="5" offset="124" sl="72" sc="9" el="72" ec="76" />
                <SequencePoint vc="0" uspid="71" ordinal="6" offset="150" sl="74" sc="9" el="74" ec="36" />
                <SequencePoint vc="0" uspid="72" ordinal="7" offset="156" sl="75" sc="9" el="75" ec="35" />
                <SequencePoint vc="0" uspid="73" ordinal="8" offset="167" sl="76" sc="9" el="76" ec="118" />
                <SequencePoint vc="0" uspid="74" ordinal="9" offset="189" sl="77" sc="9" el="77" ec="44" />
                <SequencePoint vc="0" uspid="75" ordinal="10" offset="200" sl="78" sc="9" el="78" ec="54" />
                <SequencePoint vc="0" uspid="76" ordinal="11" offset="216" sl="79" sc="9" el="79" ec="121" />
                <SequencePoint vc="0" uspid="77" ordinal="12" offset="248" sl="81" sc="9" el="81" ec="120" />
              </SequencePoints>
              <BranchPoints />
              <MethodPoint xsi:type="SequencePoint" vc="1" uspid="65" ordinal="0" offset="0" sl="66" sc="9" el="66" ec="47" />
            </Method>
            <Method visited="true" cyclomaticComplexity="1" sequenceCoverage="85.71" branchCoverage="100" isConstructor="false" isStatic="false" isGetter="false" isSetter="false">
              <Summary numSequencePoints="7" visitedSequencePoints="6" numBranchPoints="1" visitedBranchPoints="1" sequenceCoverage="85.71" branchCoverage="100" maxCyclomaticComplexity="1" minCyclomaticComplexity="1" />
              <MetadataToken>100663311</MetadataToken>
              <Name>System.Void SonarLocalAnalyser.Test.TraTests::Should Return Path Correctly With Flat Structure()</Name>
              <FileRef uid="3" />
              <SequencePoints>
                <SequencePoint vc="1" uspid="78" ordinal="0" offset="0" sl="85" sc="9" el="85" ec="47" />
                <SequencePoint vc="1" uspid="79" ordinal="1" offset="7" sl="86" sc="9" el="86" ec="144" />
                <SequencePoint vc="1" uspid="80" ordinal="2" offset="43" sl="87" sc="9" el="87" ec="141" />
                <SequencePoint vc="1" uspid="81" ordinal="3" offset="66" sl="88" sc="9" el="88" ec="64" />
                <SequencePoint vc="1" uspid="82" ordinal="4" offset="98" sl="89" sc="9" el="89" ec="84" />
                <SequencePoint vc="1" uspid="83" ordinal="5" offset="124" sl="90" sc="9" el="90" ec="76" />
                <SequencePoint vc="0" uspid="84" ordinal="6" offset="150" sl="92" sc="9" el="92" ec="207" />
              </SequencePoints>
              <BranchPoints />
              <MethodPoint xsi:type="SequencePoint" vc="1" uspid="78" ordinal="0" offset="0" sl="85" sc="9" el="85" ec="47" />
            </Method>
            <Method visited="true" cyclomaticComplexity="1" sequenceCoverage="40" branchCoverage="100" isConstructor="false" isStatic="false" isGetter="false" isSetter="false">
              <Summary numSequencePoints="15" visitedSequencePoints="6" numBranchPoints="1" visitedBranchPoints="1" sequenceCoverage="40" branchCoverage="100" maxCyclomaticComplexity="1" minCyclomaticComplexity="1" />
              <MetadataToken>100663312</MetadataToken>
              <Name>System.Void SonarLocalAnalyser.Test.TraTests::Should Return Key Correctly With Visual Studio BootStrapper()</Name>
              <FileRef uid="3" />
              <SequencePoints>
                <SequencePoint vc="1" uspid="85" ordinal="0" offset="0" sl="97" sc="9" el="97" ec="47" />
                <SequencePoint vc="1" uspid="86" ordinal="1" offset="7" sl="98" sc="9" el="98" ec="151" />
                <SequencePoint vc="1" uspid="87" ordinal="2" offset="43" sl="99" sc="9" el="99" ec="148" />
                <SequencePoint vc="1" uspid="88" ordinal="3" offset="66" sl="100" sc="9" el="100" ec="64" />
                <SequencePoint vc="1" uspid="89" ordinal="4" offset="98" sl="101" sc="9" el="101" ec="92" />
                <SequencePoint vc="1" uspid="90" ordinal="5" offset="124" sl="102" sc="9" el="102" ec="76" />
                <SequencePoint vc="0" uspid="91" ordinal="6" offset="150" sl="104" sc="9" el="104" ec="36" />
                <SequencePoint vc="0" uspid="92" ordinal="7" offset="156" sl="105" sc="9" el="105" ec="35" />
                <SequencePoint vc="0" uspid="93" ordinal="8" offset="167" sl="106" sc="9" el="106" ec="125" />
                <SequencePoint vc="0" uspid="94" ordinal="9" offset="189" sl="107" sc="9" el="107" ec="44" />
                <SequencePoint vc="0" uspid="95" ordinal="10" offset="200" sl="108" sc="9" el="108" ec="144" />
                <SequencePoint vc="0" uspid="96" ordinal="11" offset="227" sl="109" sc="9" el="109" ec="42" />
                <SequencePoint vc="0" uspid="97" ordinal="12" offset="243" sl="110" sc="9" el="110" ec="54" />
                <SequencePoint vc="0" uspid="98" ordinal="13" offset="259" sl="111" sc="9" el="111" ec="128" />
                <SequencePoint vc="0" uspid="99" ordinal="14" offset="291" sl="113" sc="9" el="113" ec="126" />
              </SequencePoints>
              <BranchPoints />
              <MethodPoint xsi:type="SequencePoint" vc="1" uspid="85" ordinal="0" offset="0" sl="97" sc="9" el="97" ec="47" />
            </Method>
            <Method visited="true" cyclomaticComplexity="1" sequenceCoverage="85.71" branchCoverage="100" isConstructor="false" isStatic="false" isGetter="false" isSetter="false">
              <Summary numSequencePoints="7" visitedSequencePoints="6" numBranchPoints="1" visitedBranchPoints="1" sequenceCoverage="85.71" branchCoverage="100" maxCyclomaticComplexity="1" minCyclomaticComplexity="1" />
              <MetadataToken>100663313</MetadataToken>
              <Name>System.Void SonarLocalAnalyser.Test.TraTests::Should Return Path Correctly With Visual Studio BootStrapper()</Name>
              <FileRef uid="3" />
              <SequencePoints>
                <SequencePoint vc="1" uspid="100" ordinal="0" offset="0" sl="117" sc="9" el="117" ec="47" />
                <SequencePoint vc="1" uspid="101" ordinal="1" offset="7" sl="118" sc="9" el="118" ec="151" />
                <SequencePoint vc="1" uspid="102" ordinal="2" offset="43" sl="119" sc="9" el="119" ec="148" />
                <SequencePoint vc="1" uspid="103" ordinal="3" offset="66" sl="120" sc="9" el="120" ec="64" />
                <SequencePoint vc="1" uspid="104" ordinal="4" offset="98" sl="121" sc="9" el="121" ec="92" />
                <SequencePoint vc="1" uspid="105" ordinal="5" offset="124" sl="122" sc="9" el="122" ec="76" />
                <SequencePoint vc="0" uspid="106" ordinal="6" offset="150" sl="124" sc="9" el="124" ec="213" />
              </SequencePoints>
              <BranchPoints />
              <MethodPoint xsi:type="SequencePoint" vc="1" uspid="100" ordinal="0" offset="0" sl="117" sc="9" el="117" ec="47" />
            </Method>
            <Method visited="true" cyclomaticComplexity="1" sequenceCoverage="100" branchCoverage="100" isConstructor="false" isStatic="false" isGetter="false" isSetter="false">
              <Summary numSequencePoints="15" visitedSequencePoints="15" numBranchPoints="1" visitedBranchPoints="1" sequenceCoverage="100" branchCoverage="100" maxCyclomaticComplexity="1" minCyclomaticComplexity="1" />
              <MetadataToken>100663314</MetadataToken>
              <Name>System.Void SonarLocalAnalyser.Test.TraTests::Should Return Key Correctly With Visual Studio BootStrapper False, but modules defined()</Name>
              <FileRef uid="3" />
              <SequencePoints>
                <SequencePoint vc="1" uspid="107" ordinal="0" offset="0" sl="129" sc="9" el="129" ec="47" />
                <SequencePoint vc="1" uspid="108" ordinal="1" offset="7" sl="130" sc="9" el="130" ec="169" />
                <SequencePoint vc="1" uspid="109" ordinal="2" offset="43" sl="131" sc="9" el="131" ec="166" />
                <SequencePoint vc="1" uspid="110" ordinal="3" offset="66" sl="132" sc="9" el="132" ec="64" />
                <SequencePoint vc="1" uspid="111" ordinal="4" offset="98" sl="133" sc="9" el="133" ec="87" />
                <SequencePoint vc="1" uspid="112" ordinal="5" offset="124" sl="134" sc="9" el="134" ec="87" />
                <SequencePoint vc="1" uspid="113" ordinal="6" offset="150" sl="135" sc="9" el="135" ec="36" />
                <SequencePoint vc="1" uspid="114" ordinal="7" offset="156" sl="136" sc="9" el="136" ec="35" />
                <SequencePoint vc="1" uspid="115" ordinal="8" offset="167" sl="137" sc="9" el="137" ec="139" />
                <SequencePoint vc="1" uspid="116" ordinal="9" offset="189" sl="138" sc="9" el="138" ec="44" />
                <SequencePoint vc="1" uspid="117" ordinal="10" offset="200" sl="139" sc="9" el="139" ec="158" />
                <SequencePoint vc="1" uspid="118" ordinal="11" offset="227" sl="140" sc="9" el="140" ec="42" />
                <SequencePoint vc="1" uspid="119" ordinal="12" offset="243" sl="141" sc="9" el="141" ec="54" />
                <SequencePoint vc="1" uspid="120" ordinal="13" offset="259" sl="142" sc="9" el="142" ec="146" />
                <SequencePoint vc="1" uspid="121" ordinal="14" offset="291" sl="144" sc="9" el="144" ec="121" />
              </SequencePoints>
              <BranchPoints />
              <MethodPoint xsi:type="SequencePoint" vc="1" uspid="107" ordinal="0" offset="0" sl="129" sc="9" el="129" ec="47" />
            </Method>
            <Method visited="true" cyclomaticComplexity="1" sequenceCoverage="100" branchCoverage="100" isConstructor="false" isStatic="false" isGetter="false" isSetter="false">
              <Summary numSequencePoints="7" visitedSequencePoints="7" numBranchPoints="1" visitedBranchPoints="1" sequenceCoverage="100" branchCoverage="100" maxCyclomaticComplexity="1" minCyclomaticComplexity="1" />
              <MetadataToken>100663315</MetadataToken>
              <Name>System.Void SonarLocalAnalyser.Test.TraTests::Should Return Path Correctly With Visual Studio BootStrapper False, but modules defined()</Name>
              <FileRef uid="3" />
              <SequencePoints>
                <SequencePoint vc="1" uspid="122" ordinal="0" offset="0" sl="148" sc="9" el="148" ec="47" />
                <SequencePoint vc="1" uspid="123" ordinal="1" offset="7" sl="149" sc="9" el="149" ec="169" />
                <SequencePoint vc="1" uspid="124" ordinal="2" offset="43" sl="150" sc="9" el="150" ec="166" />
                <SequencePoint vc="1" uspid="125" ordinal="3" offset="66" sl="151" sc="9" el="151" ec="64" />
                <SequencePoint vc="1" uspid="126" ordinal="4" offset="98" sl="152" sc="9" el="152" ec="87" />
                <SequencePoint vc="1" uspid="127" ordinal="5" offset="124" sl="153" sc="9" el="153" ec="88" />
                <SequencePoint vc="1" uspid="128" ordinal="6" offset="150" sl="155" sc="9" el="155" ec="231" />
              </SequencePoints>
              <BranchPoints />
              <MethodPoint xsi:type="SequencePoint" vc="1" uspid="122" ordinal="0" offset="0" sl="148" sc="9" el="148" ec="47" />
            </Method>
          </Methods>
        </Class>
        <Class>
          <Summary numSequencePoints="17" visitedSequencePoints="11" numBranchPoints="4" visitedBranchPoints="2" sequenceCoverage="64.71" branchCoverage="50" maxCyclomaticComplexity="1" minCyclomaticComplexity="1" />
          <FullName>SonarLocalAnalyser.Test.KeyTests</FullName>
          <Methods>
            <Method visited="true" cyclomaticComplexity="1" sequenceCoverage="100" branchCoverage="100" isConstructor="true" isStatic="false" isGetter="false" isSetter="false">
              <Summary numSequencePoints="1" visitedSequencePoints="1" numBranchPoints="1" visitedBranchPoints="1" sequenceCoverage="100" branchCoverage="100" maxCyclomaticComplexity="1" minCyclomaticComplexity="1" />
              <MetadataToken>100663316</MetadataToken>
              <Name>System.Void SonarLocalAnalyser.Test.KeyTests::.ctor()</Name>
              <FileRef uid="4" />
              <SequencePoints>
                <SequencePoint vc="1" uspid="129" ordinal="0" offset="0" sl="25" sc="6" el="25" ec="14" />
              </SequencePoints>
              <BranchPoints />
              <MethodPoint xsi:type="SequencePoint" vc="1" uspid="129" ordinal="0" offset="0" sl="25" sc="6" el="25" ec="14" />
            </Method>
            <Method visited="false" cyclomaticComplexity="1" sequenceCoverage="0" branchCoverage="0" isConstructor="false" isStatic="false" isGetter="false" isSetter="false">
              <Summary numSequencePoints="2" visitedSequencePoints="0" numBranchPoints="1" visitedBranchPoints="0" sequenceCoverage="0" branchCoverage="0" maxCyclomaticComplexity="1" minCyclomaticComplexity="1" />
              <MetadataToken>100663317</MetadataToken>
              <Name>VSSonarPlugins.ResourceNotSupportedException SonarLocalAnalyser.Test.KeyTests::Should throw exception when no plugin is found()</Name>
              <FileRef uid="4" />
              <SequencePoints>
                <SequencePoint vc="0" uspid="130" ordinal="0" offset="0" sl="29" sc="9" el="29" ec="204" />
                <SequencePoint vc="0" uspid="131" ordinal="1" offset="48" sl="30" sc="9" el="30" ec="148" />
              </SequencePoints>
              <BranchPoints />
              <MethodPoint xsi:type="SequencePoint" vc="0" uspid="130" ordinal="0" offset="0" sl="29" sc="9" el="29" ec="204" />
            </Method>
            <Method visited="false" cyclomaticComplexity="1" sequenceCoverage="0" branchCoverage="0" isConstructor="false" isStatic="false" isGetter="false" isSetter="false">
              <Summary numSequencePoints="4" visitedSequencePoints="0" numBranchPoints="1" visitedBranchPoints="0" sequenceCoverage="0" branchCoverage="0" maxCyclomaticComplexity="1" minCyclomaticComplexity="1" />
              <MetadataToken>100663318</MetadataToken>
              <Name>VSSonarPlugins.ResourceNotSupportedException SonarLocalAnalyser.Test.KeyTests::Should throw exception if No plugins are loaded and we give a good resource()</Name>
              <FileRef uid="4" />
              <SequencePoints>
                <SequencePoint vc="0" uspid="132" ordinal="0" offset="0" sl="34" sc="9" el="34" ec="204" />
                <SequencePoint vc="0" uspid="133" ordinal="1" offset="48" sl="35" sc="9" el="35" ec="37" />
                <SequencePoint vc="0" uspid="134" ordinal="2" offset="54" sl="36" sc="9" el="36" ec="30" />
                <SequencePoint vc="0" uspid="135" ordinal="3" offset="65" sl="37" sc="9" el="37" ec="148" />
              </SequencePoints>
              <BranchPoints />
              <MethodPoint xsi:type="SequencePoint" vc="0" uspid="132" ordinal="0" offset="0" sl="34" sc="9" el="34" ec="204" />
            </Method>
            <Method visited="true" cyclomaticComplexity="1" sequenceCoverage="100" branchCoverage="100" isConstructor="false" isStatic="false" isGetter="false" isSetter="false">
              <Summary numSequencePoints="10" visitedSequencePoints="10" numBranchPoints="1" visitedBranchPoints="1" sequenceCoverage="100" branchCoverage="100" maxCyclomaticComplexity="1" minCyclomaticComplexity="1" />
              <MetadataToken>100663319</MetadataToken>
              <Name>System.Void SonarLocalAnalyser.Test.KeyTests::Should Return Key Correctly()</Name>
              <FileRef uid="4" />
              <SequencePoints>
                <SequencePoint vc="1" uspid="136" ordinal="0" offset="0" sl="41" sc="9" el="41" ec="37" />
                <SequencePoint vc="1" uspid="137" ordinal="1" offset="7" sl="42" sc="9" el="42" ec="82" />
                <SequencePoint vc="1" uspid="138" ordinal="2" offset="37" sl="43" sc="9" el="43" ec="56" />
                <SequencePoint vc="1" uspid="139" ordinal="3" offset="43" sl="44" sc="9" el="44" ec="47" />
                <SequencePoint vc="1" uspid="140" ordinal="4" offset="54" sl="46" sc="9" el="49" ec="26" />
                <SequencePoint vc="1" uspid="141" ordinal="5" offset="102" sl="51" sc="9" el="56" ec="26" />
                <SequencePoint vc="1" uspid="142" ordinal="6" offset="167" sl="58" sc="9" el="58" ec="83" />
                <SequencePoint vc="1" uspid="143" ordinal="7" offset="174" sl="59" sc="9" el="59" ec="39" />
                <SequencePoint vc="1" uspid="144" ordinal="8" offset="183" sl="60" sc="9" el="60" ec="192" />
                <SequencePoint vc="1" uspid="145" ordinal="9" offset="224" sl="62" sc="9" el="62" ec="103" />
              </SequencePoints>
              <BranchPoints />
              <MethodPoint xsi:type="SequencePoint" vc="1" uspid="136" ordinal="0" offset="0" sl="41" sc="9" el="41" ec="37" />
            </Method>
          </Methods>
        </Class>
        <Class>
          <Summary numSequencePoints="0" visitedSequencePoints="0" numBranchPoints="0" visitedBranchPoints="0" sequenceCoverage="0" branchCoverage="0" maxCyclomaticComplexity="0" minCyclomaticComplexity="0" />
          <FullName>&lt;StartupCode$SonarLocalAnalyser-Test&gt;.$KeyTests</FullName>
          <Methods />
        </Class>
        <Class>
          <Summary numSequencePoints="1" visitedSequencePoints="0" numBranchPoints="1" visitedBranchPoints="0" sequenceCoverage="0" branchCoverage="0" maxCyclomaticComplexity="1" minCyclomaticComplexity="1" />
          <FullName>&lt;StartupCode$SonarLocalAnalyser-Test&gt;.$KeyTests/Should throw exception when no plugin is found@30-1</FullName>
          <Methods>
            <Method visited="false" cyclomaticComplexity="1" sequenceCoverage="0" branchCoverage="0" isConstructor="true" isStatic="false" isGetter="false" isSetter="false">
              <Summary numSequencePoints="0" visitedSequencePoints="0" numBranchPoints="0" visitedBranchPoints="0" sequenceCoverage="0" branchCoverage="0" maxCyclomaticComplexity="1" minCyclomaticComplexity="1" />
              <MetadataToken>100663320</MetadataToken>
              <Name>System.Void &lt;StartupCode$SonarLocalAnalyser-Test&gt;.$KeyTests/Should throw exception when no plugin is found@30-1::.ctor(SonarLocalAnalyser.SonarLocalAnalyser)</Name>
              <SequencePoints />
              <BranchPoints />
              <MethodPoint vc="0" uspid="146" ordinal="0" offset="0" />
            </Method>
            <Method visited="false" cyclomaticComplexity="1" sequenceCoverage="0" branchCoverage="0" isConstructor="false" isStatic="false" isGetter="false" isSetter="false">
              <Summary numSequencePoints="1" visitedSequencePoints="0" numBranchPoints="1" visitedBranchPoints="0" sequenceCoverage="0" branchCoverage="0" maxCyclomaticComplexity="1" minCyclomaticComplexity="1" />
              <MetadataToken>100663321</MetadataToken>
              <Name>System.Void &lt;StartupCode$SonarLocalAnalyser-Test&gt;.$KeyTests/Should throw exception when no plugin is found@30-1::Invoke()</Name>
              <FileRef uid="4" />
              <SequencePoints>
                <SequencePoint vc="0" uspid="147" ordinal="0" offset="0" sl="30" sc="63" el="30" ec="147" />
              </SequencePoints>
              <BranchPoints />
              <MethodPoint xsi:type="SequencePoint" vc="0" uspid="147" ordinal="0" offset="0" sl="30" sc="63" el="30" ec="147" />
            </Method>
          </Methods>
        </Class>
        <Class>
          <Summary numSequencePoints="1" visitedSequencePoints="0" numBranchPoints="1" visitedBranchPoints="0" sequenceCoverage="0" branchCoverage="0" maxCyclomaticComplexity="1" minCyclomaticComplexity="1" />
          <FullName>&lt;StartupCode$SonarLocalAnalyser-Test&gt;.$KeyTests/Should throw exception if No plugins are loaded and we give a good resource@37-1</FullName>
          <Methods>
            <Method visited="false" cyclomaticComplexity="1" sequenceCoverage="0" branchCoverage="0" isConstructor="true" isStatic="false" isGetter="false" isSetter="false">
              <Summary numSequencePoints="0" visitedSequencePoints="0" numBranchPoints="0" visitedBranchPoints="0" sequenceCoverage="0" branchCoverage="0" maxCyclomaticComplexity="1" minCyclomaticComplexity="1" />
              <MetadataToken>100663322</MetadataToken>
              <Name>System.Void &lt;StartupCode$SonarLocalAnalyser-Test&gt;.$KeyTests/Should throw exception if No plugins are loaded and we give a good resource@37-1::.ctor(SonarLocalAnalyser.SonarLocalAnalyser)</Name>
              <SequencePoints />
              <BranchPoints />
              <MethodPoint vc="0" uspid="148" ordinal="0" offset="0" />
            </Method>
            <Method visited="false" cyclomaticComplexity="1" sequenceCoverage="0" branchCoverage="0" isConstructor="false" isStatic="false" isGetter="false" isSetter="false">
              <Summary numSequencePoints="1" visitedSequencePoints="0" numBranchPoints="1" visitedBranchPoints="0" sequenceCoverage="0" branchCoverage="0" maxCyclomaticComplexity="1" minCyclomaticComplexity="1" />
              <MetadataToken>100663323</MetadataToken>
              <Name>System.Void &lt;StartupCode$SonarLocalAnalyser-Test&gt;.$KeyTests/Should throw exception if No plugins are loaded and we give a good resource@37-1::Invoke()</Name>
              <FileRef uid="4" />
              <SequencePoints>
                <SequencePoint vc="0" uspid="149" ordinal="0" offset="0" sl="37" sc="63" el="37" ec="147" />
              </SequencePoints>
              <BranchPoints />
              <MethodPoint xsi:type="SequencePoint" vc="0" uspid="149" ordinal="0" offset="0" sl="37" sc="63" el="37" ec="147" />
            </Method>
          </Methods>
        </Class>
        <Class>
          <Summary numSequencePoints="1" visitedSequencePoints="1" numBranchPoints="1" visitedBranchPoints="1" sequenceCoverage="100" branchCoverage="100" maxCyclomaticComplexity="1" minCyclomaticComplexity="1" />
          <FullName>&lt;StartupCode$SonarLocalAnalyser-Test&gt;.$KeyTests/mockAVsinterface@48-1</FullName>
          <Methods>
            <Method visited="true" cyclomaticComplexity="1" sequenceCoverage="0" branchCoverage="0" isConstructor="true" isStatic="false" isGetter="false" isSetter="false">
              <Summary numSequencePoints="0" visitedSequencePoints="0" numBranchPoints="0" visitedBranchPoints="0" sequenceCoverage="0" branchCoverage="0" maxCyclomaticComplexity="1" minCyclomaticComplexity="1" />
              <MetadataToken>100663324</MetadataToken>
              <Name>System.Void &lt;StartupCode$SonarLocalAnalyser-Test&gt;.$KeyTests/mockAVsinterface@48-1::.ctor()</Name>
              <SequencePoints />
              <BranchPoints />
              <MethodPoint vc="1" uspid="150" ordinal="0" offset="0" />
            </Method>
            <Method visited="true" cyclomaticComplexity="1" sequenceCoverage="100" branchCoverage="100" isConstructor="false" isStatic="false" isGetter="false" isSetter="false">
              <Summary numSequencePoints="1" visitedSequencePoints="1" numBranchPoints="1" visitedBranchPoints="1" sequenceCoverage="100" branchCoverage="100" maxCyclomaticComplexity="1" minCyclomaticComplexity="1" />
              <MetadataToken>100663325</MetadataToken>
              <Name>Microsoft.FSharp.Quotations.FSharpExpr`1&lt;VSSonarPlugins.Types.SonarQubeProperties&gt; &lt;StartupCode$SonarLocalAnalyser-Test&gt;.$KeyTests/mockAVsinterface@48-1::Invoke(VSSonarPlugins.IConfigurationHelper)</Name>
              <FileRef uid="4" />
              <SequencePoints>
                <SequencePoint vc="1" uspid="151" ordinal="0" offset="0" sl="48" sc="33" el="48" ec="73" />
              </SequencePoints>
              <BranchPoints />
              <MethodPoint xsi:type="SequencePoint" vc="1" uspid="151" ordinal="0" offset="0" sl="48" sc="33" el="48" ec="73" />
            </Method>
          </Methods>
        </Class>
        <Class>
          <Summary numSequencePoints="1" visitedSequencePoints="1" numBranchPoints="1" visitedBranchPoints="1" sequenceCoverage="100" branchCoverage="100" maxCyclomaticComplexity="1" minCyclomaticComplexity="1" />
          <FullName>&lt;StartupCode$SonarLocalAnalyser-Test&gt;.$KeyTests/mockAPlugin@53-3</FullName>
          <Methods>
            <Method visited="true" cyclomaticComplexity="1" sequenceCoverage="0" branchCoverage="0" isConstructor="true" isStatic="false" isGetter="false" isSetter="false">
              <Summary numSequencePoints="0" visitedSequencePoints="0" numBranchPoints="0" visitedBranchPoints="0" sequenceCoverage="0" branchCoverage="0" maxCyclomaticComplexity="1" minCyclomaticComplexity="1" />
              <MetadataToken>100663326</MetadataToken>
              <Name>System.Void &lt;StartupCode$SonarLocalAnalyser-Test&gt;.$KeyTests/mockAPlugin@53-3::.ctor(VSSonarPlugins.Types.VsFileItem)</Name>
              <SequencePoints />
              <BranchPoints />
              <MethodPoint vc="1" uspid="152" ordinal="0" offset="0" />
            </Method>
            <Method visited="true" cyclomaticComplexity="1" sequenceCoverage="100" branchCoverage="100" isConstructor="false" isStatic="false" isGetter="false" isSetter="false">
              <Summary numSequencePoints="1" visitedSequencePoints="1" numBranchPoints="1" visitedBranchPoints="1" sequenceCoverage="100" branchCoverage="100" maxCyclomaticComplexity="1" minCyclomaticComplexity="1" />
              <MetadataToken>100663327</MetadataToken>
              <Name>Microsoft.FSharp.Quotations.FSharpExpr`1&lt;System.Boolean&gt; &lt;StartupCode$SonarLocalAnalyser-Test&gt;.$KeyTests/mockAPlugin@53-3::Invoke(VSSonarPlugins.IAnalysisPlugin)</Name>
              <FileRef uid="4" />
              <SequencePoints>
                <SequencePoint vc="1" uspid="153" ordinal="0" offset="0" sl="53" sc="33" el="53" ec="60" />
              </SequencePoints>
              <BranchPoints />
              <MethodPoint xsi:type="SequencePoint" vc="1" uspid="153" ordinal="0" offset="0" sl="53" sc="33" el="53" ec="60" />
            </Method>
          </Methods>
        </Class>
        <Class>
          <Summary numSequencePoints="1" visitedSequencePoints="1" numBranchPoints="1" visitedBranchPoints="1" sequenceCoverage="100" branchCoverage="100" maxCyclomaticComplexity="1" minCyclomaticComplexity="1" />
          <FullName>&lt;StartupCode$SonarLocalAnalyser-Test&gt;.$KeyTests/mockAPlugin@54-4</FullName>
          <Methods>
            <Method visited="true" cyclomaticComplexity="1" sequenceCoverage="0" branchCoverage="0" isConstructor="true" isStatic="false" isGetter="false" isSetter="false">
              <Summary numSequencePoints="0" visitedSequencePoints="0" numBranchPoints="0" visitedBranchPoints="0" sequenceCoverage="0" branchCoverage="0" maxCyclomaticComplexity="1" minCyclomaticComplexity="1" />
              <MetadataToken>100663328</MetadataToken>
              <Name>System.Void &lt;StartupCode$SonarLocalAnalyser-Test&gt;.$KeyTests/mockAPlugin@54-4::.ctor()</Name>
              <SequencePoints />
              <BranchPoints />
              <MethodPoint vc="1" uspid="154" ordinal="0" offset="0" />
            </Method>
            <Method visited="true" cyclomaticComplexity="1" sequenceCoverage="100" branchCoverage="100" isConstructor="false" isStatic="false" isGetter="false" isSetter="false">
              <Summary numSequencePoints="1" visitedSequencePoints="1" numBranchPoints="1" visitedBranchPoints="1" sequenceCoverage="100" branchCoverage="100" maxCyclomaticComplexity="1" minCyclomaticComplexity="1" />
              <MetadataToken>100663329</MetadataToken>
              <Name>Microsoft.FSharp.Quotations.FSharpExpr`1&lt;System.String&gt; &lt;StartupCode$SonarLocalAnalyser-Test&gt;.$KeyTests/mockAPlugin@54-4::Invoke(VSSonarPlugins.IAnalysisPlugin)</Name>
              <FileRef uid="4" />
              <SequencePoints>
                <SequencePoint vc="1" uspid="155" ordinal="0" offset="0" sl="54" sc="33" el="54" ec="69" />
              </SequencePoints>
              <BranchPoints />
              <MethodPoint xsi:type="SequencePoint" vc="1" uspid="155" ordinal="0" offset="0" sl="54" sc="33" el="54" ec="69" />
            </Method>
          </Methods>
        </Class>
        <Class>
          <Summary numSequencePoints="1" visitedSequencePoints="1" numBranchPoints="1" visitedBranchPoints="1" sequenceCoverage="100" branchCoverage="100" maxCyclomaticComplexity="1" minCyclomaticComplexity="1" />
          <FullName>&lt;StartupCode$SonarLocalAnalyser-Test&gt;.$KeyTests/mockAPlugin@55-5</FullName>
          <Methods>
            <Method visited="true" cyclomaticComplexity="1" sequenceCoverage="0" branchCoverage="0" isConstructor="true" isStatic="false" isGetter="false" isSetter="false">
              <Summary numSequencePoints="0" visitedSequencePoints="0" numBranchPoints="0" visitedBranchPoints="0" sequenceCoverage="0" branchCoverage="0" maxCyclomaticComplexity="1" minCyclomaticComplexity="1" />
              <MetadataToken>100663330</MetadataToken>
              <Name>System.Void &lt;StartupCode$SonarLocalAnalyser-Test&gt;.$KeyTests/mockAPlugin@55-5::.ctor()</Name>
              <SequencePoints />
              <BranchPoints />
              <MethodPoint vc="1" uspid="156" ordinal="0" offset="0" />
            </Method>
            <Method visited="true" cyclomaticComplexity="1" sequenceCoverage="100" branchCoverage="100" isConstructor="false" isStatic="false" isGetter="false" isSetter="false">
              <Summary numSequencePoints="1" visitedSequencePoints="1" numBranchPoints="1" visitedBranchPoints="1" sequenceCoverage="100" branchCoverage="100" maxCyclomaticComplexity="1" minCyclomaticComplexity="1" />
              <MetadataToken>100663331</MetadataToken>
              <Name>Microsoft.FSharp.Quotations.FSharpExpr`1&lt;VSSonarPlugins.Types.PluginDescription&gt; &lt;StartupCode$SonarLocalAnalyser-Test&gt;.$KeyTests/mockAPlugin@55-5::Invoke(VSSonarPlugins.IAnalysisPlugin)</Name>
              <FileRef uid="4" />
              <SequencePoints>
                <SequencePoint vc="1" uspid="157" ordinal="0" offset="0" sl="55" sc="33" el="55" ec="63" />
              </SequencePoints>
              <BranchPoints />
              <MethodPoint xsi:type="SequencePoint" vc="1" uspid="157" ordinal="0" offset="0" sl="55" sc="33" el="55" ec="63" />
            </Method>
          </Methods>
        </Class>
        <Class>
          <Summary numSequencePoints="0" visitedSequencePoints="0" numBranchPoints="0" visitedBranchPoints="0" sequenceCoverage="0" branchCoverage="0" maxCyclomaticComplexity="0" minCyclomaticComplexity="0" />
          <FullName>&lt;StartupCode$SonarLocalAnalyser-Test&gt;.$TranslatorTest</FullName>
          <Methods />
        </Class>
        <Class>
          <Summary numSequencePoints="1" visitedSequencePoints="1" numBranchPoints="1" visitedBranchPoints="1" sequenceCoverage="100" branchCoverage="100" maxCyclomaticComplexity="1" minCyclomaticComplexity="1" />
          <FullName>&lt;StartupCode$SonarLocalAnalyser-Test&gt;.$TranslatorTest/-ctor@33</FullName>
          <Methods>
            <Method visited="true" cyclomaticComplexity="1" sequenceCoverage="0" branchCoverage="0" isConstructor="true" isStatic="false" isGetter="false" isSetter="false">
              <Summary numSequencePoints="0" visitedSequencePoints="0" numBranchPoints="0" visitedBranchPoints="0" sequenceCoverage="0" branchCoverage="0" maxCyclomaticComplexity="1" minCyclomaticComplexity="1" />
              <MetadataToken>100663332</MetadataToken>
              <Name>System.Void &lt;StartupCode$SonarLocalAnalyser-Test&gt;.$TranslatorTest/-ctor@33::.ctor()</Name>
              <SequencePoints />
              <BranchPoints />
              <MethodPoint vc="1" uspid="158" ordinal="0" offset="0" />
            </Method>
            <Method visited="true" cyclomaticComplexity="1" sequenceCoverage="100" branchCoverage="100" isConstructor="false" isStatic="false" isGetter="false" isSetter="false">
              <Summary numSequencePoints="1" visitedSequencePoints="1" numBranchPoints="1" visitedBranchPoints="1" sequenceCoverage="100" branchCoverage="100" maxCyclomaticComplexity="1" minCyclomaticComplexity="1" />
              <MetadataToken>100663333</MetadataToken>
              <Name>Microsoft.FSharp.Quotations.FSharpExpr`1&lt;System.String&gt; &lt;StartupCode$SonarLocalAnalyser-Test&gt;.$TranslatorTest/-ctor@33::Invoke(VSSonarPlugins.IVsEnvironmentHelper)</Name>
              <FileRef uid="3" />
              <SequencePoints>
                <SequencePoint vc="1" uspid="159" ordinal="0" offset="0" sl="33" sc="29" el="33" ec="75" />
              </SequencePoints>
              <BranchPoints />
              <MethodPoint xsi:type="SequencePoint" vc="1" uspid="159" ordinal="0" offset="0" sl="33" sc="29" el="33" ec="75" />
            </Method>
          </Methods>
        </Class>
        <Class>
          <Summary numSequencePoints="1" visitedSequencePoints="1" numBranchPoints="1" visitedBranchPoints="1" sequenceCoverage="100" branchCoverage="100" maxCyclomaticComplexity="1" minCyclomaticComplexity="1" />
          <FullName>&lt;StartupCode$SonarLocalAnalyser-Test&gt;.$TranslatorTest/-ctor@34-1</FullName>
          <Methods>
            <Method visited="true" cyclomaticComplexity="1" sequenceCoverage="0" branchCoverage="0" isConstructor="true" isStatic="false" isGetter="false" isSetter="false">
              <Summary numSequencePoints="0" visitedSequencePoints="0" numBranchPoints="0" visitedBranchPoints="0" sequenceCoverage="0" branchCoverage="0" maxCyclomaticComplexity="1" minCyclomaticComplexity="1" />
              <MetadataToken>100663334</MetadataToken>
              <Name>System.Void &lt;StartupCode$SonarLocalAnalyser-Test&gt;.$TranslatorTest/-ctor@34-1::.ctor()</Name>
              <SequencePoints />
              <BranchPoints />
              <MethodPoint vc="1" uspid="160" ordinal="0" offset="0" />
            </Method>
            <Method visited="true" cyclomaticComplexity="1" sequenceCoverage="100" branchCoverage="100" isConstructor="false" isStatic="false" isGetter="false" isSetter="false">
              <Summary numSequencePoints="1" visitedSequencePoints="1" numBranchPoints="1" visitedBranchPoints="1" sequenceCoverage="100" branchCoverage="100" maxCyclomaticComplexity="1" minCyclomaticComplexity="1" />
              <MetadataToken>100663335</MetadataToken>
              <Name>Microsoft.FSharp.Quotations.FSharpExpr`1&lt;VSSonarPlugins.Types.VsProjectItem&gt; &lt;StartupCode$SonarLocalAnalyser-Test&gt;.$TranslatorTest/-ctor@34-1::Invoke(VSSonarPlugins.IVsEnvironmentHelper)</Name>
              <FileRef uid="3" />
              <SequencePoints>
                <SequencePoint vc="1" uspid="161" ordinal="0" offset="0" sl="34" sc="29" el="34" ec="70" />
              </SequencePoints>
              <BranchPoints />
              <MethodPoint xsi:type="SequencePoint" vc="1" uspid="161" ordinal="0" offset="0" sl="34" sc="29" el="34" ec="70" />
            </Method>
          </Methods>
        </Class>
        <Class>
          <Summary numSequencePoints="0" visitedSequencePoints="0" numBranchPoints="0" visitedBranchPoints="0" sequenceCoverage="0" branchCoverage="0" maxCyclomaticComplexity="0" minCyclomaticComplexity="0" />
          <FullName>&lt;StartupCode$SonarLocalAnalyser-Test&gt;.$SupportTests</FullName>
          <Methods />
        </Class>
        <Class>
          <Summary numSequencePoints="1" visitedSequencePoints="0" numBranchPoints="1" visitedBranchPoints="0" sequenceCoverage="0" branchCoverage="0" maxCyclomaticComplexity="1" minCyclomaticComplexity="1" />
          <FullName>&lt;StartupCode$SonarLocalAnalyser-Test&gt;.$SupportTests/Should throw exception if no plugins are loaded for multilanguage scenario@32</FullName>
          <Methods>
            <Method visited="false" cyclomaticComplexity="1" sequenceCoverage="0" branchCoverage="0" isConstructor="true" isStatic="false" isGetter="false" isSetter="false">
              <Summary numSequencePoints="0" visitedSequencePoints="0" numBranchPoints="0" visitedBranchPoints="0" sequenceCoverage="0" branchCoverage="0" maxCyclomaticComplexity="1" minCyclomaticComplexity="1" />
              <MetadataToken>100663336</MetadataToken>
              <Name>System.Void &lt;StartupCode$SonarLocalAnalyser-Test&gt;.$SupportTests/Should throw exception if no plugins are loaded for multilanguage scenario@32::.ctor(VSSonarPlugins.Types.Resource,SonarLocalAnalyser.SonarLocalAnalyser)</Name>
              <SequencePoints />
              <BranchPoints />
              <MethodPoint vc="0" uspid="162" ordinal="0" offset="0" />
            </Method>
            <Method visited="false" cyclomaticComplexity="1" sequenceCoverage="0" branchCoverage="0" isConstructor="false" isStatic="false" isGetter="false" isSetter="false">
              <Summary numSequencePoints="1" visitedSequencePoints="0" numBranchPoints="1" visitedBranchPoints="0" sequenceCoverage="0" branchCoverage="0" maxCyclomaticComplexity="1" minCyclomaticComplexity="1" />
              <MetadataToken>100663337</MetadataToken>
              <Name>System.Void &lt;StartupCode$SonarLocalAnalyser-Test&gt;.$SupportTests/Should throw exception if no plugins are loaded for multilanguage scenario@32::Invoke()</Name>
              <FileRef uid="2" />
              <SequencePoints>
                <SequencePoint vc="0" uspid="163" ordinal="0" offset="0" sl="32" sc="60" el="32" ec="113" />
              </SequencePoints>
              <BranchPoints />
              <MethodPoint xsi:type="SequencePoint" vc="0" uspid="163" ordinal="0" offset="0" sl="32" sc="60" el="32" ec="113" />
            </Method>
          </Methods>
        </Class>
        <Class>
          <Summary numSequencePoints="1" visitedSequencePoints="0" numBranchPoints="1" visitedBranchPoints="0" sequenceCoverage="0" branchCoverage="0" maxCyclomaticComplexity="1" minCyclomaticComplexity="1" />
          <FullName>&lt;StartupCode$SonarLocalAnalyser-Test&gt;.$SupportTests/Should throw exception project is not associated for multilanguage scenario@41</FullName>
          <Methods>
            <Method visited="false" cyclomaticComplexity="1" sequenceCoverage="0" branchCoverage="0" isConstructor="true" isStatic="false" isGetter="false" isSetter="false">
              <Summary numSequencePoints="0" visitedSequencePoints="0" numBranchPoints="0" visitedBranchPoints="0" sequenceCoverage="0" branchCoverage="0" maxCyclomaticComplexity="1" minCyclomaticComplexity="1" />
              <MetadataToken>100663338</MetadataToken>
              <Name>System.Void &lt;StartupCode$SonarLocalAnalyser-Test&gt;.$SupportTests/Should throw exception project is not associated for multilanguage scenario@41::.ctor(SonarLocalAnalyser.SonarLocalAnalyser)</Name>
              <SequencePoints />
              <BranchPoints />
              <MethodPoint vc="0" uspid="164" ordinal="0" offset="0" />
            </Method>
            <Method visited="false" cyclomaticComplexity="1" sequenceCoverage="0" branchCoverage="0" isConstructor="false" isStatic="false" isGetter="false" isSetter="false">
              <Summary numSequencePoints="1" visitedSequencePoints="0" numBranchPoints="1" visitedBranchPoints="0" sequenceCoverage="0" branchCoverage="0" maxCyclomaticComplexity="1" minCyclomaticComplexity="1" />
              <MetadataToken>100663339</MetadataToken>
              <Name>System.Void &lt;StartupCode$SonarLocalAnalyser-Test&gt;.$SupportTests/Should throw exception project is not associated for multilanguage scenario@41::Invoke()</Name>
              <FileRef uid="2" />
              <SequencePoints>
                <SequencePoint vc="0" uspid="165" ordinal="0" offset="0" sl="41" sc="63" el="41" ec="113" />
              </SequencePoints>
              <BranchPoints />
              <MethodPoint xsi:type="SequencePoint" vc="0" uspid="165" ordinal="0" offset="0" sl="41" sc="63" el="41" ec="113" />
            </Method>
          </Methods>
        </Class>
        <Class>
          <Summary numSequencePoints="1" visitedSequencePoints="1" numBranchPoints="1" visitedBranchPoints="1" sequenceCoverage="100" branchCoverage="100" maxCyclomaticComplexity="1" minCyclomaticComplexity="1" />
          <FullName>&lt;StartupCode$SonarLocalAnalyser-Test&gt;.$SupportTests/mockConfReq@48-1</FullName>
          <Methods>
            <Method visited="true" cyclomaticComplexity="1" sequenceCoverage="0" branchCoverage="0" isConstructor="true" isStatic="false" isGetter="false" isSetter="false">
              <Summary numSequencePoints="0" visitedSequencePoints="0" numBranchPoints="0" visitedBranchPoints="0" sequenceCoverage="0" branchCoverage="0" maxCyclomaticComplexity="1" minCyclomaticComplexity="1" />
              <MetadataToken>100663340</MetadataToken>
              <Name>System.Void &lt;StartupCode$SonarLocalAnalyser-Test&gt;.$SupportTests/mockConfReq@48-1::.ctor()</Name>
              <SequencePoints />
              <BranchPoints />
              <MethodPoint vc="1" uspid="166" ordinal="0" offset="0" />
            </Method>
            <Method visited="true" cyclomaticComplexity="1" sequenceCoverage="100" branchCoverage="100" isConstructor="false" isStatic="false" isGetter="false" isSetter="false">
              <Summary numSequencePoints="1" visitedSequencePoints="1" numBranchPoints="1" visitedBranchPoints="1" sequenceCoverage="100" branchCoverage="100" maxCyclomaticComplexity="1" minCyclomaticComplexity="1" />
              <MetadataToken>100663341</MetadataToken>
              <Name>Microsoft.FSharp.Quotations.FSharpExpr`1&lt;VSSonarPlugins.Types.SonarQubeProperties&gt; &lt;StartupCode$SonarLocalAnalyser-Test&gt;.$SupportTests/mockConfReq@48-1::Invoke(VSSonarPlugins.IConfigurationHelper)</Name>
              <FileRef uid="2" />
              <SequencePoints>
                <SequencePoint vc="1" uspid="167" ordinal="0" offset="0" sl="48" sc="33" el="48" ec="73" />
              </SequencePoints>
              <BranchPoints />
              <MethodPoint xsi:type="SequencePoint" vc="1" uspid="167" ordinal="0" offset="0" sl="48" sc="33" el="48" ec="73" />
            </Method>
          </Methods>
        </Class>
        <Class>
          <Summary numSequencePoints="1" visitedSequencePoints="1" numBranchPoints="1" visitedBranchPoints="1" sequenceCoverage="100" branchCoverage="100" maxCyclomaticComplexity="1" minCyclomaticComplexity="1" />
          <FullName>&lt;StartupCode$SonarLocalAnalyser-Test&gt;.$SupportTests/mockConfReq@62-2</FullName>
          <Methods>
            <Method visited="true" cyclomaticComplexity="1" sequenceCoverage="0" branchCoverage="0" isConstructor="true" isStatic="false" isGetter="false" isSetter="false">
              <Summary numSequencePoints="0" visitedSequencePoints="0" numBranchPoints="0" visitedBranchPoints="0" sequenceCoverage="0" branchCoverage="0" maxCyclomaticComplexity="1" minCyclomaticComplexity="1" />
              <MetadataToken>100663342</MetadataToken>
              <Name>System.Void &lt;StartupCode$SonarLocalAnalyser-Test&gt;.$SupportTests/mockConfReq@62-2::.ctor()</Name>
              <SequencePoints />
              <BranchPoints />
              <MethodPoint vc="1" uspid="168" ordinal="0" offset="0" />
            </Method>
            <Method visited="true" cyclomaticComplexity="1" sequenceCoverage="100" branchCoverage="100" isConstructor="false" isStatic="false" isGetter="false" isSetter="false">
              <Summary numSequencePoints="1" visitedSequencePoints="1" numBranchPoints="1" visitedBranchPoints="1" sequenceCoverage="100" branchCoverage="100" maxCyclomaticComplexity="1" minCyclomaticComplexity="1" />
              <MetadataToken>100663343</MetadataToken>
              <Name>Microsoft.FSharp.Quotations.FSharpExpr`1&lt;VSSonarPlugins.Types.SonarQubeProperties&gt; &lt;StartupCode$SonarLocalAnalyser-Test&gt;.$SupportTests/mockConfReq@62-2::Invoke(VSSonarPlugins.IConfigurationHelper)</Name>
              <FileRef uid="2" />
              <SequencePoints>
                <SequencePoint vc="1" uspid="169" ordinal="0" offset="0" sl="62" sc="33" el="62" ec="73" />
              </SequencePoints>
              <BranchPoints />
              <MethodPoint xsi:type="SequencePoint" vc="1" uspid="169" ordinal="0" offset="0" sl="62" sc="33" el="62" ec="73" />
            </Method>
          </Methods>
        </Class>
        <Class>
          <Summary numSequencePoints="0" visitedSequencePoints="0" numBranchPoints="0" visitedBranchPoints="0" sequenceCoverage="0" branchCoverage="0" maxCyclomaticComplexity="0" minCyclomaticComplexity="0" />
          <FullName>&lt;StartupCode$SonarLocalAnalyser-Test&gt;.$RunAnalysisTests</FullName>
          <Methods />
        </Class>
        <Class>
          <Summary numSequencePoints="1" visitedSequencePoints="1" numBranchPoints="1" visitedBranchPoints="1" sequenceCoverage="100" branchCoverage="100" maxCyclomaticComplexity="1" minCyclomaticComplexity="1" />
          <FullName>&lt;StartupCode$SonarLocalAnalyser-Test&gt;.$RunAnalysisTests/mockConfReq@32</FullName>
          <Methods>
            <Method visited="true" cyclomaticComplexity="1" sequenceCoverage="0" branchCoverage="0" isConstructor="true" isStatic="false" isGetter="false" isSetter="false">
              <Summary numSequencePoints="0" visitedSequencePoints="0" numBranchPoints="0" visitedBranchPoints="0" sequenceCoverage="0" branchCoverage="0" maxCyclomaticComplexity="1" minCyclomaticComplexity="1" />
              <MetadataToken>100663344</MetadataToken>
              <Name>System.Void &lt;StartupCode$SonarLocalAnalyser-Test&gt;.$RunAnalysisTests/mockConfReq@32::.ctor()</Name>
              <SequencePoints />
              <BranchPoints />
              <MethodPoint vc="1" uspid="170" ordinal="0" offset="0" />
            </Method>
            <Method visited="true" cyclomaticComplexity="1" sequenceCoverage="100" branchCoverage="100" isConstructor="false" isStatic="false" isGetter="false" isSetter="false">
              <Summary numSequencePoints="1" visitedSequencePoints="1" numBranchPoints="1" visitedBranchPoints="1" sequenceCoverage="100" branchCoverage="100" maxCyclomaticComplexity="1" minCyclomaticComplexity="1" />
              <MetadataToken>100663345</MetadataToken>
              <Name>Microsoft.FSharp.Quotations.FSharpExpr`1&lt;VSSonarPlugins.Types.SonarQubeProperties&gt; &lt;StartupCode$SonarLocalAnalyser-Test&gt;.$RunAnalysisTests/mockConfReq@32::Invoke(VSSonarPlugins.IConfigurationHelper)</Name>
              <FileRef uid="1" />
              <SequencePoints>
                <SequencePoint vc="1" uspid="171" ordinal="0" offset="0" sl="32" sc="33" el="32" ec="73" />
              </SequencePoints>
              <BranchPoints />
              <MethodPoint xsi:type="SequencePoint" vc="1" uspid="171" ordinal="0" offset="0" sl="32" sc="33" el="32" ec="73" />
            </Method>
          </Methods>
        </Class>
        <Class>
          <Summary numSequencePoints="1" visitedSequencePoints="0" numBranchPoints="1" visitedBranchPoints="0" sequenceCoverage="0" branchCoverage="0" maxCyclomaticComplexity="1" minCyclomaticComplexity="1" />
          <FullName>&lt;StartupCode$SonarLocalAnalyser-Test&gt;.$RunAnalysisTests/Should throw exception when no plugin is found@41</FullName>
          <Methods>
            <Method visited="false" cyclomaticComplexity="1" sequenceCoverage="0" branchCoverage="0" isConstructor="true" isStatic="false" isGetter="false" isSetter="false">
              <Summary numSequencePoints="0" visitedSequencePoints="0" numBranchPoints="0" visitedBranchPoints="0" sequenceCoverage="0" branchCoverage="0" maxCyclomaticComplexity="1" minCyclomaticComplexity="1" />
              <MetadataToken>100663346</MetadataToken>
              <Name>System.Void &lt;StartupCode$SonarLocalAnalyser-Test&gt;.$RunAnalysisTests/Should throw exception when no plugin is found@41::.ctor(SonarLocalAnalyser.SonarLocalAnalyser)</Name>
              <SequencePoints />
              <BranchPoints />
              <MethodPoint vc="0" uspid="172" ordinal="0" offset="0" />
            </Method>
            <Method visited="false" cyclomaticComplexity="1" sequenceCoverage="0" branchCoverage="0" isConstructor="false" isStatic="false" isGetter="false" isSetter="false">
              <Summary numSequencePoints="1" visitedSequencePoints="0" numBranchPoints="1" visitedBranchPoints="0" sequenceCoverage="0" branchCoverage="0" maxCyclomaticComplexity="1" minCyclomaticComplexity="1" />
              <MetadataToken>100663347</MetadataToken>
              <Name>System.Void &lt;StartupCode$SonarLocalAnalyser-Test&gt;.$RunAnalysisTests/Should throw exception when no plugin is found@41::Invoke()</Name>
              <FileRef uid="1" />
              <SequencePoints>
                <SequencePoint vc="0" uspid="173" ordinal="0" offset="0" sl="41" sc="63" el="41" ec="145" />
              </SequencePoints>
              <BranchPoints />
              <MethodPoint xsi:type="SequencePoint" vc="0" uspid="173" ordinal="0" offset="0" sl="41" sc="63" el="41" ec="145" />
            </Method>
          </Methods>
        </Class>
        <Class>
          <Summary numSequencePoints="1" visitedSequencePoints="0" numBranchPoints="1" visitedBranchPoints="0" sequenceCoverage="0" branchCoverage="0" maxCyclomaticComplexity="1" minCyclomaticComplexity="1" />
          <FullName>&lt;StartupCode$SonarLocalAnalyser-Test&gt;.$RunAnalysisTests/Should throw exception if No plugins are loaded and we give a good resource@48</FullName>
          <Methods>
            <Method visited="false" cyclomaticComplexity="1" sequenceCoverage="0" branchCoverage="0" isConstructor="true" isStatic="false" isGetter="false" isSetter="false">
              <Summary numSequencePoints="0" visitedSequencePoints="0" numBranchPoints="0" visitedBranchPoints="0" sequenceCoverage="0" branchCoverage="0" maxCyclomaticComplexity="1" minCyclomaticComplexity="1" />
              <MetadataToken>100663348</MetadataToken>
              <Name>System.Void &lt;StartupCode$SonarLocalAnalyser-Test&gt;.$RunAnalysisTests/Should throw exception if No plugins are loaded and we give a good resource@48::.ctor(SonarLocalAnalyser.SonarLocalAnalyser)</Name>
              <SequencePoints />
              <BranchPoints />
              <MethodPoint vc="0" uspid="174" ordinal="0" offset="0" />
            </Method>
            <Method visited="false" cyclomaticComplexity="1" sequenceCoverage="0" branchCoverage="0" isConstructor="false" isStatic="false" isGetter="false" isSetter="false">
              <Summary numSequencePoints="1" visitedSequencePoints="0" numBranchPoints="1" visitedBranchPoints="0" sequenceCoverage="0" branchCoverage="0" maxCyclomaticComplexity="1" minCyclomaticComplexity="1" />
              <MetadataToken>100663349</MetadataToken>
              <Name>System.Void &lt;StartupCode$SonarLocalAnalyser-Test&gt;.$RunAnalysisTests/Should throw exception if No plugins are loaded and we give a good resource@48::Invoke()</Name>
              <FileRef uid="1" />
              <SequencePoints>
                <SequencePoint vc="0" uspid="175" ordinal="0" offset="0" sl="48" sc="63" el="48" ec="147" />
              </SequencePoints>
              <BranchPoints />
              <MethodPoint xsi:type="SequencePoint" vc="0" uspid="175" ordinal="0" offset="0" sl="48" sc="63" el="48" ec="147" />
            </Method>
          </Methods>
        </Class>
        <Class>
          <Summary numSequencePoints="1" visitedSequencePoints="1" numBranchPoints="1" visitedBranchPoints="1" sequenceCoverage="100" branchCoverage="100" maxCyclomaticComplexity="1" minCyclomaticComplexity="1" />
[...]
              <Summary numSequencePoints="0" visitedSequencePoints="0" numBranchPoints="0" visitedBranchPoints="0" sequenceCoverage="0" branchCoverage="0" maxCyclomaticComplexity="1" minCyclomaticComplexity="1" />
              <MetadataToken>100663560</MetadataToken>
              <Name>System.Void &lt;StartupCode$SonarLocalAnalyser&gt;.$SQKeyTranslator/moduleData@72-2::.ctor(System.String)</Name>
              <SequencePoints />
              <BranchPoints />
              <MethodPoint vc="28" uspid="2584" ordinal="0" offset="0" />
            </Method>
            <Method visited="true" cyclomaticComplexity="1" sequenceCoverage="100" branchCoverage="100" isConstructor="false" isStatic="false" isGetter="false" isSetter="false">
              <Summary numSequencePoints="1" visitedSequencePoints="1" numBranchPoints="1" visitedBranchPoints="1" sequenceCoverage="100" branchCoverage="100" maxCyclomaticComplexity="1" minCyclomaticComplexity="1" />
              <MetadataToken>100663561</MetadataToken>
              <Name>System.Boolean &lt;StartupCode$SonarLocalAnalyser&gt;.$SQKeyTranslator/moduleData@72-2::Invoke(System.String)</Name>
              <FileRef uid="115" />
              <SequencePoints>
                <SequencePoint vc="138" uspid="2585" ordinal="0" offset="0" sl="72" sc="57" el="72" ec="98" />
              </SequencePoints>
              <BranchPoints />
              <MethodPoint xsi:type="SequencePoint" vc="138" uspid="2585" ordinal="0" offset="0" sl="72" sc="57" el="72" ec="98" />
            </Method>
          </Methods>
        </Class>
        <Class>
          <Summary numSequencePoints="1" visitedSequencePoints="1" numBranchPoints="1" visitedBranchPoints="1" sequenceCoverage="100" branchCoverage="100" maxCyclomaticComplexity="1" minCyclomaticComplexity="1" />
          <FullName>&lt;StartupCode$SonarLocalAnalyser&gt;.$SQKeyTranslator/lineElem@120</FullName>
          <Methods>
            <Method visited="true" cyclomaticComplexity="1" sequenceCoverage="0" branchCoverage="0" isConstructor="true" isStatic="false" isGetter="false" isSetter="false">
              <Summary numSequencePoints="0" visitedSequencePoints="0" numBranchPoints="0" visitedBranchPoints="0" sequenceCoverage="0" branchCoverage="0" maxCyclomaticComplexity="1" minCyclomaticComplexity="1" />
              <MetadataToken>100663562</MetadataToken>
              <Name>System.Void &lt;StartupCode$SonarLocalAnalyser&gt;.$SQKeyTranslator/lineElem@120::.ctor()</Name>
              <SequencePoints />
              <BranchPoints />
              <MethodPoint vc="8" uspid="2586" ordinal="0" offset="0" />
            </Method>
            <Method visited="true" cyclomaticComplexity="1" sequenceCoverage="100" branchCoverage="100" isConstructor="false" isStatic="false" isGetter="false" isSetter="false">
              <Summary numSequencePoints="1" visitedSequencePoints="1" numBranchPoints="1" visitedBranchPoints="1" sequenceCoverage="100" branchCoverage="100" maxCyclomaticComplexity="1" minCyclomaticComplexity="1" />
              <MetadataToken>100663563</MetadataToken>
              <Name>System.Boolean &lt;StartupCode$SonarLocalAnalyser&gt;.$SQKeyTranslator/lineElem@120::Invoke(System.String)</Name>
              <FileRef uid="115" />
              <SequencePoints>
                <SequencePoint vc="174" uspid="2587" ordinal="0" offset="0" sl="120" sc="59" el="120" ec="103" />
              </SequencePoints>
              <BranchPoints />
              <MethodPoint xsi:type="SequencePoint" vc="174" uspid="2587" ordinal="0" offset="0" sl="120" sc="59" el="120" ec="103" />
            </Method>
          </Methods>
        </Class>
        <Class>
          <Summary numSequencePoints="1" visitedSequencePoints="1" numBranchPoints="1" visitedBranchPoints="1" sequenceCoverage="100" branchCoverage="100" maxCyclomaticComplexity="1" minCyclomaticComplexity="1" />
          <FullName>&lt;StartupCode$SonarLocalAnalyser&gt;.$SQKeyTranslator/moduleData@125-3</FullName>
          <Methods>
            <Method visited="true" cyclomaticComplexity="1" sequenceCoverage="0" branchCoverage="0" isConstructor="true" isStatic="false" isGetter="false" isSetter="false">
              <Summary numSequencePoints="0" visitedSequencePoints="0" numBranchPoints="0" visitedBranchPoints="0" sequenceCoverage="0" branchCoverage="0" maxCyclomaticComplexity="1" minCyclomaticComplexity="1" />
              <MetadataToken>100663564</MetadataToken>
              <Name>System.Void &lt;StartupCode$SonarLocalAnalyser&gt;.$SQKeyTranslator/moduleData@125-3::.ctor()</Name>
              <SequencePoints />
              <BranchPoints />
              <MethodPoint vc="8" uspid="2588" ordinal="0" offset="0" />
            </Method>
            <Method visited="true" cyclomaticComplexity="1" sequenceCoverage="100" branchCoverage="100" isConstructor="false" isStatic="false" isGetter="false" isSetter="false">
              <Summary numSequencePoints="1" visitedSequencePoints="1" numBranchPoints="1" visitedBranchPoints="1" sequenceCoverage="100" branchCoverage="100" maxCyclomaticComplexity="1" minCyclomaticComplexity="1" />
              <MetadataToken>100663565</MetadataToken>
              <Name>System.Boolean &lt;StartupCode$SonarLocalAnalyser&gt;.$SQKeyTranslator/moduleData@125-3::Invoke(System.String)</Name>
              <FileRef uid="115" />
              <SequencePoints>
                <SequencePoint vc="70" uspid="2589" ordinal="0" offset="0" sl="125" sc="61" el="125" ec="101" />
              </SequencePoints>
              <BranchPoints />
              <MethodPoint xsi:type="SequencePoint" vc="70" uspid="2589" ordinal="0" offset="0" sl="125" sc="61" el="125" ec="101" />
            </Method>
          </Methods>
        </Class>
        <Class>
          <Summary numSequencePoints="1" visitedSequencePoints="1" numBranchPoints="1" visitedBranchPoints="1" sequenceCoverage="100" branchCoverage="100" maxCyclomaticComplexity="1" minCyclomaticComplexity="1" />
          <FullName>&lt;StartupCode$SonarLocalAnalyser&gt;.$SQKeyTranslator/moduleData@131-4</FullName>
          <Methods>
            <Method visited="true" cyclomaticComplexity="1" sequenceCoverage="0" branchCoverage="0" isConstructor="true" isStatic="false" isGetter="false" isSetter="false">
              <Summary numSequencePoints="0" visitedSequencePoints="0" numBranchPoints="0" visitedBranchPoints="0" sequenceCoverage="0" branchCoverage="0" maxCyclomaticComplexity="1" minCyclomaticComplexity="1" />
              <MetadataToken>100663566</MetadataToken>
              <Name>System.Void &lt;StartupCode$SonarLocalAnalyser&gt;.$SQKeyTranslator/moduleData@131-4::.ctor()</Name>
              <SequencePoints />
              <BranchPoints />
              <MethodPoint vc="8" uspid="2590" ordinal="0" offset="0" />
            </Method>
            <Method visited="true" cyclomaticComplexity="1" sequenceCoverage="100" branchCoverage="100" isConstructor="false" isStatic="false" isGetter="false" isSetter="false">
              <Summary numSequencePoints="1" visitedSequencePoints="1" numBranchPoints="1" visitedBranchPoints="1" sequenceCoverage="100" branchCoverage="100" maxCyclomaticComplexity="1" minCyclomaticComplexity="1" />
              <MetadataToken>100663567</MetadataToken>
              <Name>System.Boolean &lt;StartupCode$SonarLocalAnalyser&gt;.$SQKeyTranslator/moduleData@131-4::Invoke(System.String)</Name>
              <FileRef uid="115" />
              <SequencePoints>
                <SequencePoint vc="78" uspid="2591" ordinal="0" offset="0" sl="131" sc="61" el="131" ec="102" />
              </SequencePoints>
              <BranchPoints />
              <MethodPoint xsi:type="SequencePoint" vc="78" uspid="2591" ordinal="0" offset="0" sl="131" sc="61" el="131" ec="102" />
            </Method>
          </Methods>
        </Class>
        <Class>
          <Summary numSequencePoints="1" visitedSequencePoints="1" numBranchPoints="1" visitedBranchPoints="1" sequenceCoverage="100" branchCoverage="100" maxCyclomaticComplexity="1" minCyclomaticComplexity="1" />
          <FullName>&lt;StartupCode$SonarLocalAnalyser&gt;.$SQKeyTranslator/moduleData@136-5</FullName>
          <Methods>
            <Method visited="true" cyclomaticComplexity="1" sequenceCoverage="0" branchCoverage="0" isConstructor="true" isStatic="false" isGetter="false" isSetter="false">
              <Summary numSequencePoints="0" visitedSequencePoints="0" numBranchPoints="0" visitedBranchPoints="0" sequenceCoverage="0" branchCoverage="0" maxCyclomaticComplexity="1" minCyclomaticComplexity="1" />
              <MetadataToken>100663568</MetadataToken>
              <Name>System.Void &lt;StartupCode$SonarLocalAnalyser&gt;.$SQKeyTranslator/moduleData@136-5::.ctor()</Name>
              <SequencePoints />
              <BranchPoints />
              <MethodPoint vc="8" uspid="2592" ordinal="0" offset="0" />
            </Method>
            <Method visited="true" cyclomaticComplexity="1" sequenceCoverage="100" branchCoverage="100" isConstructor="false" isStatic="false" isGetter="false" isSetter="false">
              <Summary numSequencePoints="1" visitedSequencePoints="1" numBranchPoints="1" visitedBranchPoints="1" sequenceCoverage="100" branchCoverage="100" maxCyclomaticComplexity="1" minCyclomaticComplexity="1" />
              <MetadataToken>100663569</MetadataToken>
              <Name>System.Boolean &lt;StartupCode$SonarLocalAnalyser&gt;.$SQKeyTranslator/moduleData@136-5::Invoke(System.String)</Name>
              <FileRef uid="115" />
              <SequencePoints>
                <SequencePoint vc="86" uspid="2593" ordinal="0" offset="0" sl="136" sc="61" el="136" ec="105" />
              </SequencePoints>
              <BranchPoints />
              <MethodPoint xsi:type="SequencePoint" vc="86" uspid="2593" ordinal="0" offset="0" sl="136" sc="61" el="136" ec="105" />
            </Method>
          </Methods>
        </Class>
        <Class>
          <Summary numSequencePoints="1" visitedSequencePoints="1" numBranchPoints="1" visitedBranchPoints="1" sequenceCoverage="100" branchCoverage="100" maxCyclomaticComplexity="1" minCyclomaticComplexity="1" />
          <FullName>&lt;StartupCode$SonarLocalAnalyser&gt;.$SQKeyTranslator/moduleData@141-6</FullName>
          <Methods>
            <Method visited="true" cyclomaticComplexity="1" sequenceCoverage="0" branchCoverage="0" isConstructor="true" isStatic="false" isGetter="false" isSetter="false">
              <Summary numSequencePoints="0" visitedSequencePoints="0" numBranchPoints="0" visitedBranchPoints="0" sequenceCoverage="0" branchCoverage="0" maxCyclomaticComplexity="1" minCyclomaticComplexity="1" />
              <MetadataToken>100663570</MetadataToken>
              <Name>System.Void &lt;StartupCode$SonarLocalAnalyser&gt;.$SQKeyTranslator/moduleData@141-6::.ctor()</Name>
              <SequencePoints />
              <BranchPoints />
              <MethodPoint vc="8" uspid="2594" ordinal="0" offset="0" />
            </Method>
            <Method visited="true" cyclomaticComplexity="1" sequenceCoverage="100" branchCoverage="100" isConstructor="false" isStatic="false" isGetter="false" isSetter="false">
              <Summary numSequencePoints="1" visitedSequencePoints="1" numBranchPoints="1" visitedBranchPoints="1" sequenceCoverage="100" branchCoverage="100" maxCyclomaticComplexity="1" minCyclomaticComplexity="1" />
              <MetadataToken>100663571</MetadataToken>
              <Name>System.Boolean &lt;StartupCode$SonarLocalAnalyser&gt;.$SQKeyTranslator/moduleData@141-6::Invoke(System.String)</Name>
              <FileRef uid="115" />
              <SequencePoints>
                <SequencePoint vc="170" uspid="2595" ordinal="0" offset="0" sl="141" sc="61" el="141" ec="98" />
              </SequencePoints>
              <BranchPoints />
              <MethodPoint xsi:type="SequencePoint" vc="170" uspid="2595" ordinal="0" offset="0" sl="141" sc="61" el="141" ec="98" />
            </Method>
          </Methods>
        </Class>
        <Class>
          <Summary numSequencePoints="1" visitedSequencePoints="1" numBranchPoints="1" visitedBranchPoints="1" sequenceCoverage="100" branchCoverage="100" maxCyclomaticComplexity="1" minCyclomaticComplexity="1" />
          <FullName>&lt;StartupCode$SonarLocalAnalyser&gt;.$SQKeyTranslator/lineElem@146-1</FullName>
          <Methods>
            <Method visited="true" cyclomaticComplexity="1" sequenceCoverage="0" branchCoverage="0" isConstructor="true" isStatic="false" isGetter="false" isSetter="false">
              <Summary numSequencePoints="0" visitedSequencePoints="0" numBranchPoints="0" visitedBranchPoints="0" sequenceCoverage="0" branchCoverage="0" maxCyclomaticComplexity="1" minCyclomaticComplexity="1" />
              <MetadataToken>100663572</MetadataToken>
              <Name>System.Void &lt;StartupCode$SonarLocalAnalyser&gt;.$SQKeyTranslator/lineElem@146-1::.ctor()</Name>
              <SequencePoints />
              <BranchPoints />
              <MethodPoint vc="20" uspid="2596" ordinal="0" offset="0" />
            </Method>
            <Method visited="true" cyclomaticComplexity="1" sequenceCoverage="100" branchCoverage="100" isConstructor="false" isStatic="false" isGetter="false" isSetter="false">
              <Summary numSequencePoints="1" visitedSequencePoints="1" numBranchPoints="1" visitedBranchPoints="1" sequenceCoverage="100" branchCoverage="100" maxCyclomaticComplexity="1" minCyclomaticComplexity="1" />
              <MetadataToken>100663573</MetadataToken>
              <Name>System.Boolean &lt;StartupCode$SonarLocalAnalyser&gt;.$SQKeyTranslator/lineElem@146-1::Invoke(System.String)</Name>
              <FileRef uid="115" />
              <SequencePoints>
                <SequencePoint vc="100" uspid="2597" ordinal="0" offset="0" sl="146" sc="55" el="146" ec="83" />
              </SequencePoints>
              <BranchPoints />
              <MethodPoint xsi:type="SequencePoint" vc="100" uspid="2597" ordinal="0" offset="0" sl="146" sc="55" el="146" ec="83" />
            </Method>
          </Methods>
        </Class>
        <Class>
          <Summary numSequencePoints="1" visitedSequencePoints="1" numBranchPoints="1" visitedBranchPoints="1" sequenceCoverage="100" branchCoverage="100" maxCyclomaticComplexity="1" minCyclomaticComplexity="1" />
          <FullName>&lt;StartupCode$SonarLocalAnalyser&gt;.$SQKeyTranslator/clo@164</FullName>
          <Methods>
            <Method visited="true" cyclomaticComplexity="1" sequenceCoverage="0" branchCoverage="0" isConstructor="true" isStatic="false" isGetter="false" isSetter="false">
              <Summary numSequencePoints="0" visitedSequencePoints="0" numBranchPoints="0" visitedBranchPoints="0" sequenceCoverage="0" branchCoverage="0" maxCyclomaticComplexity="1" minCyclomaticComplexity="1" />
              <MetadataToken>100663574</MetadataToken>
              <Name>System.Void &lt;StartupCode$SonarLocalAnalyser&gt;.$SQKeyTranslator/clo@164::.ctor(System.String)</Name>
              <SequencePoints />
              <BranchPoints />
              <MethodPoint vc="20" uspid="2598" ordinal="0" offset="0" />
            </Method>
            <Method visited="true" cyclomaticComplexity="1" sequenceCoverage="100" branchCoverage="100" isConstructor="false" isStatic="false" isGetter="false" isSetter="false">
              <Summary numSequencePoints="1" visitedSequencePoints="1" numBranchPoints="1" visitedBranchPoints="1" sequenceCoverage="100" branchCoverage="100" maxCyclomaticComplexity="1" minCyclomaticComplexity="1" />
              <MetadataToken>100663575</MetadataToken>
              <Name>System.Boolean &lt;StartupCode$SonarLocalAnalyser&gt;.$SQKeyTranslator/clo@164::Invoke(System.String)</Name>
              <FileRef uid="115" />
              <SequencePoints>
                <SequencePoint vc="146" uspid="2599" ordinal="0" offset="0" sl="164" sc="76" el="164" ec="104" />
              </SequencePoints>
              <BranchPoints />
              <MethodPoint xsi:type="SequencePoint" vc="146" uspid="2599" ordinal="0" offset="0" sl="164" sc="76" el="164" ec="104" />
            </Method>
          </Methods>
        </Class>
        <Class>
          <Summary numSequencePoints="1" visitedSequencePoints="1" numBranchPoints="1" visitedBranchPoints="1" sequenceCoverage="100" branchCoverage="100" maxCyclomaticComplexity="1" minCyclomaticComplexity="1" />
          <FullName>&lt;StartupCode$SonarLocalAnalyser&gt;.$SQKeyTranslator/clo@170-1</FullName>
          <Methods>
            <Method visited="true" cyclomaticComplexity="1" sequenceCoverage="0" branchCoverage="0" isConstructor="true" isStatic="false" isGetter="false" isSetter="false">
              <Summary numSequencePoints="0" visitedSequencePoints="0" numBranchPoints="0" visitedBranchPoints="0" sequenceCoverage="0" branchCoverage="0" maxCyclomaticComplexity="1" minCyclomaticComplexity="1" />
              <MetadataToken>100663576</MetadataToken>
              <Name>System.Void &lt;StartupCode$SonarLocalAnalyser&gt;.$SQKeyTranslator/clo@170-1::.ctor()</Name>
              <SequencePoints />
              <BranchPoints />
              <MethodPoint vc="4" uspid="2600" ordinal="0" offset="0" />
            </Method>
            <Method visited="true" cyclomaticComplexity="1" sequenceCoverage="100" branchCoverage="100" isConstructor="false" isStatic="false" isGetter="false" isSetter="false">
              <Summary numSequencePoints="1" visitedSequencePoints="1" numBranchPoints="1" visitedBranchPoints="1" sequenceCoverage="100" branchCoverage="100" maxCyclomaticComplexity="1" minCyclomaticComplexity="1" />
              <MetadataToken>100663577</MetadataToken>
              <Name>System.Boolean &lt;StartupCode$SonarLocalAnalyser&gt;.$SQKeyTranslator/clo@170-1::Invoke(System.String)</Name>
              <FileRef uid="115" />
              <SequencePoints>
                <SequencePoint vc="38" uspid="2601" ordinal="0" offset="0" sl="170" sc="67" el="170" ec="111" />
              </SequencePoints>
              <BranchPoints />
              <MethodPoint xsi:type="SequencePoint" vc="38" uspid="2601" ordinal="0" offset="0" sl="170" sc="67" el="170" ec="111" />
            </Method>
          </Methods>
        </Class>
        <Class>
          <Summary numSequencePoints="0" visitedSequencePoints="0" numBranchPoints="0" visitedBranchPoints="0" sequenceCoverage="0" branchCoverage="0" maxCyclomaticComplexity="0" minCyclomaticComplexity="0" />
          <FullName>&lt;StartupCode$SonarLocalAnalyser&gt;.$.NETFramework,Version=v4.5.AssemblyAttributes</FullName>
          <Methods />
        </Class>
      </Classes>
    </Module>
    <Module skippedDueTo="MissingPdb" hash="">
      <FullName>RefEmit_InMemoryManifestModule</FullName>
      <ModuleName>Foq.Dynamic</ModuleName>
      <Classes />
    </Module>
    <Module skippedDueTo="MissingPdb" hash="50-0E-68-C2-89-18-4C-6E-C7-87-F1-E3-AB-B1-73-2D-79-E6-36-56">
      <FullName>C:\Windows\Microsoft.Net\assembly\GAC_64\PresentationCore\v4.0_4.0.0.0__31bf3856ad364e35\PresentationCore.dll</FullName>
      <ModuleName>PresentationCore</ModuleName>
      <Classes />
    </Module>
    <Module skippedDueTo="MissingPdb" hash="D8-B7-82-48-E9-8B-E5-A6-85-0E-56-A4-F2-55-2D-B7-3B-28-51-F4">
      <FullName>C:\Windows\Microsoft.Net\assembly\GAC_MSIL\Microsoft.Build.Utilities.v4.0\v4.0_4.0.0.0__b03f5f7f11d50a3a\Microsoft.Build.Utilities.v4.0.dll</FullName>
      <ModuleName>Microsoft.Build.Utilities.v4.0</ModuleName>
      <Classes />
    </Module>
  </Modules>
</CoverageSession>